This is XeTeX, Version 3.141592653-2.6-0.999997 (TeX Live 2025) (preloaded format=xelatex 2025.10.19)  15 JAN 2026 20:13
entering extended mode
 \write18 enabled.
 file:line:error style messages enabled.
 %&-line parsing enabled.
**komputasi_fisika.tex
(./komputasi_fisika.tex
LaTeX2e <2025-06-01> patch level 1
L3 programming layer <2025-09-02>
(/usr/local/texlive/2025/texmf-dist/tex/latex/base/book.cls
Document Class: book 2025/01/22 v1.4n Standard LaTeX document class
(/usr/local/texlive/2025/texmf-dist/tex/latex/base/bk11.clo
File: bk11.clo 2025/01/22 v1.4n Standard LaTeX file (size option)
)
\c@part=\count271
\c@chapter=\count272
\c@section=\count273
\c@subsection=\count274
\c@subsubsection=\count275
\c@paragraph=\count276
\c@subparagraph=\count277
\c@figure=\count278
\c@table=\count279
\abovecaptionskip=\skip49
\belowcaptionskip=\skip50
\bibindent=\dimen148
) (/usr/local/texlive/2025/texmf-dist/tex/latex/geometry/geometry.sty
Package: geometry 2020/01/02 v5.9 Page Geometry
(/usr/local/texlive/2025/texmf-dist/tex/latex/graphics/keyval.sty
Package: keyval 2022/05/29 v1.15 key=value parser (DPC)
\KV@toks@=\toks17
) (/usr/local/texlive/2025/texmf-dist/tex/generic/iftex/ifvtex.sty
Package: ifvtex 2019/10/25 v1.7 ifvtex legacy package. Use iftex instead.
(/usr/local/texlive/2025/texmf-dist/tex/generic/iftex/iftex.sty
Package: iftex 2024/12/12 v1.0g TeX engine tests
))
\Gm@cnth=\count280
\Gm@cntv=\count281
\c@Gm@tempcnt=\count282
\Gm@bindingoffset=\dimen149
\Gm@wd@mp=\dimen150
\Gm@odd@mp=\dimen151
\Gm@even@mp=\dimen152
\Gm@layoutwidth=\dimen153
\Gm@layoutheight=\dimen154
\Gm@layouthoffset=\dimen155
\Gm@layoutvoffset=\dimen156
\Gm@dimlist=\toks18
) (/usr/local/texlive/2025/texmf-dist/tex/latex/base/fontenc.sty
Package: fontenc 2024/12/21 v2.1c Standard LaTeX package
LaTeX Font Info:    Trying to load font information for T1+lmr on input line 11
6.
(/usr/local/texlive/2025/texmf-dist/tex/latex/lm/t1lmr.fd
File: t1lmr.fd 2015/05/01 v1.6.1 Font defs for Latin Modern
)) (/usr/local/texlive/2025/texmf-dist/tex/latex/base/inputenc.sty
Package: inputenc 2024/02/08 v1.3d Input encoding file
\inpenc@prehook=\toks19
\inpenc@posthook=\toks20

Package inputenc Warning: inputenc package ignored with utf8 based engines.

) (/usr/local/texlive/2025/texmf-dist/tex/latex/lm/lmodern.sty
Package: lmodern 2015/05/01 v1.6.1 Latin Modern Fonts
LaTeX Font Info:    Overwriting symbol font `operators' in version `normal'
(Font)                  OT1/cmr/m/n --> OT1/lmr/m/n on input line 22.
LaTeX Font Info:    Overwriting symbol font `letters' in version `normal'
(Font)                  OML/cmm/m/it --> OML/lmm/m/it on input line 23.
LaTeX Font Info:    Overwriting symbol font `symbols' in version `normal'
(Font)                  OMS/cmsy/m/n --> OMS/lmsy/m/n on input line 24.
LaTeX Font Info:    Overwriting symbol font `largesymbols' in version `normal'
(Font)                  OMX/cmex/m/n --> OMX/lmex/m/n on input line 25.
LaTeX Font Info:    Overwriting symbol font `operators' in version `bold'
(Font)                  OT1/cmr/bx/n --> OT1/lmr/bx/n on input line 26.
LaTeX Font Info:    Overwriting symbol font `letters' in version `bold'
(Font)                  OML/cmm/b/it --> OML/lmm/b/it on input line 27.
LaTeX Font Info:    Overwriting symbol font `symbols' in version `bold'
(Font)                  OMS/cmsy/b/n --> OMS/lmsy/b/n on input line 28.
LaTeX Font Info:    Overwriting symbol font `largesymbols' in version `bold'
(Font)                  OMX/cmex/m/n --> OMX/lmex/m/n on input line 29.
LaTeX Font Info:    Overwriting math alphabet `\mathbf' in version `normal'
(Font)                  OT1/cmr/bx/n --> OT1/lmr/bx/n on input line 31.
LaTeX Font Info:    Overwriting math alphabet `\mathsf' in version `normal'
(Font)                  OT1/cmss/m/n --> OT1/lmss/m/n on input line 32.
LaTeX Font Info:    Overwriting math alphabet `\mathit' in version `normal'
(Font)                  OT1/cmr/m/it --> OT1/lmr/m/it on input line 33.
LaTeX Font Info:    Overwriting math alphabet `\mathtt' in version `normal'
(Font)                  OT1/cmtt/m/n --> OT1/lmtt/m/n on input line 34.
LaTeX Font Info:    Overwriting math alphabet `\mathbf' in version `bold'
(Font)                  OT1/cmr/bx/n --> OT1/lmr/bx/n on input line 35.
LaTeX Font Info:    Overwriting math alphabet `\mathsf' in version `bold'
(Font)                  OT1/cmss/bx/n --> OT1/lmss/bx/n on input line 36.
LaTeX Font Info:    Overwriting math alphabet `\mathit' in version `bold'
(Font)                  OT1/cmr/bx/it --> OT1/lmr/bx/it on input line 37.
LaTeX Font Info:    Overwriting math alphabet `\mathtt' in version `bold'
(Font)                  OT1/cmtt/m/n --> OT1/lmtt/m/n on input line 38.
) (/usr/local/texlive/2025/texmf-dist/tex/latex/graphics/graphicx.sty
Package: graphicx 2024/12/31 v1.2e Enhanced LaTeX Graphics (DPC,SPQR)
(/usr/local/texlive/2025/texmf-dist/tex/latex/graphics/graphics.sty
Package: graphics 2024/08/06 v1.4g Standard LaTeX Graphics (DPC,SPQR)
(/usr/local/texlive/2025/texmf-dist/tex/latex/graphics/trig.sty
Package: trig 2023/12/02 v1.11 sin cos tan (DPC)
) (/usr/local/texlive/2025/texmf-dist/tex/latex/graphics-cfg/graphics.cfg
File: graphics.cfg 2016/06/04 v1.11 sample graphics configuration
)
Package graphics Info: Driver file: xetex.def on input line 106.
(/usr/local/texlive/2025/texmf-dist/tex/latex/graphics-def/xetex.def
File: xetex.def 2025/09/29 v5.0o Graphics/color driver for xetex
))
\Gin@req@height=\dimen157
\Gin@req@width=\dimen158
) (/usr/local/texlive/2025/texmf-dist/tex/latex/caption/caption.sty
Package: caption 2023/08/05 v3.6o Customizing captions (AR)
(/usr/local/texlive/2025/texmf-dist/tex/latex/caption/caption3.sty
Package: caption3 2023/07/31 v2.4d caption3 kernel (AR)
\caption@tempdima=\dimen159
\captionmargin=\dimen160
\caption@leftmargin=\dimen161
\caption@rightmargin=\dimen162
\caption@width=\dimen163
\caption@indent=\dimen164
\caption@parindent=\dimen165
\caption@hangindent=\dimen166
Package caption Info: Standard document class detected.
)
\c@caption@flags=\count283
\c@continuedfloat=\count284
) (/usr/local/texlive/2025/texmf-dist/tex/latex/natbib/natbib.sty
Package: natbib 2010/09/13 8.31b (PWD, AO)
\bibhang=\skip51
\bibsep=\skip52
LaTeX Info: Redefining \cite on input line 694.
\c@NAT@ctr=\count285
) (/usr/local/texlive/2025/texmf-dist/tex/latex/xcolor/xcolor.sty
Package: xcolor 2024/09/29 v3.02 LaTeX color extensions (UK)
(/usr/local/texlive/2025/texmf-dist/tex/latex/graphics-cfg/color.cfg
File: color.cfg 2016/01/02 v1.6 sample color configuration
)
Package xcolor Info: Driver file: xetex.def on input line 274.
(/usr/local/texlive/2025/texmf-dist/tex/latex/graphics/mathcolor.ltx)
Package xcolor Info: Model `cmy' substituted by `cmy0' on input line 1349.
Package xcolor Info: Model `RGB' extended on input line 1365.
Package xcolor Info: Model `HTML' substituted by `rgb' on input line 1367.
Package xcolor Info: Model `Hsb' substituted by `hsb' on input line 1368.
Package xcolor Info: Model `tHsb' substituted by `hsb' on input line 1369.
Package xcolor Info: Model `HSB' substituted by `hsb' on input line 1370.
Package xcolor Info: Model `Gray' substituted by `gray' on input line 1371.
Package xcolor Info: Model `wave' substituted by `hsb' on input line 1372.
) (/usr/local/texlive/2025/texmf-dist/tex/latex/changepage/changepage.sty
Package: changepage 2009/10/20 v1.0c check page and change page layout
\c@cp@cntr=\count286
\cp@tempcnt=\count287
) (/usr/local/texlive/2025/texmf-dist/tex/latex/framed/framed.sty
Package: framed 2011/10/22 v 0.96: framed or shaded text with page breaks
\OuterFrameSep=\skip53
\fb@frw=\dimen167
\fb@frh=\dimen168
\FrameRule=\dimen169
\FrameSep=\dimen170
) (/usr/local/texlive/2025/texmf-dist/tex/latex/hyperref/hyperref.sty
Package: hyperref 2025-07-12 v7.01o Hypertext links for LaTeX
(/usr/local/texlive/2025/texmf-dist/tex/latex/kvsetkeys/kvsetkeys.sty
Package: kvsetkeys 2022-10-05 v1.19 Key value parser (HO)
) (/usr/local/texlive/2025/texmf-dist/tex/generic/kvdefinekeys/kvdefinekeys.sty
Package: kvdefinekeys 2019-12-19 v1.6 Define keys (HO)
) (/usr/local/texlive/2025/texmf-dist/tex/generic/pdfescape/pdfescape.sty
Package: pdfescape 2019/12/09 v1.15 Implements pdfTeX's escape features (HO)
(/usr/local/texlive/2025/texmf-dist/tex/generic/ltxcmds/ltxcmds.sty
Package: ltxcmds 2023-12-04 v1.26 LaTeX kernel commands for general use (HO)
) (/usr/local/texlive/2025/texmf-dist/tex/generic/pdftexcmds/pdftexcmds.sty
Package: pdftexcmds 2020-06-27 v0.33 Utility functions of pdfTeX for LuaTeX (HO
)
(/usr/local/texlive/2025/texmf-dist/tex/generic/infwarerr/infwarerr.sty
Package: infwarerr 2019/12/03 v1.5 Providing info/warning/error messages (HO)
)
Package pdftexcmds Info: \pdf@primitive is available.
Package pdftexcmds Info: \pdf@ifprimitive is available.
Package pdftexcmds Info: \pdfdraftmode not found.
)) (/usr/local/texlive/2025/texmf-dist/tex/latex/hycolor/hycolor.sty
Package: hycolor 2020-01-27 v1.10 Color options for hyperref/bookmark (HO)
) (/usr/local/texlive/2025/texmf-dist/tex/latex/hyperref/nameref.sty
Package: nameref 2025-06-21 v2.57 Cross-referencing by name of section
(/usr/local/texlive/2025/texmf-dist/tex/latex/refcount/refcount.sty
Package: refcount 2019/12/15 v3.6 Data extraction from label references (HO)
)
(/usr/local/texlive/2025/texmf-dist/tex/generic/gettitlestring/gettitlestring.s
ty
Package: gettitlestring 2019/12/15 v1.6 Cleanup title references (HO)
(/usr/local/texlive/2025/texmf-dist/tex/latex/kvoptions/kvoptions.sty
Package: kvoptions 2022-06-15 v3.15 Key value format for package options (HO)
))
\c@section@level=\count288
) (/usr/local/texlive/2025/texmf-dist/tex/latex/etoolbox/etoolbox.sty
Package: etoolbox 2025/10/02 v2.5m e-TeX tools for LaTeX (JAW)
\etb@tempcnta=\count289
) (/usr/local/texlive/2025/texmf-dist/tex/generic/stringenc/stringenc.sty
Package: stringenc 2019/11/29 v1.12 Convert strings between diff. encodings (HO
)
)
\@linkdim=\dimen171
\Hy@linkcounter=\count290
\Hy@pagecounter=\count291
(/usr/local/texlive/2025/texmf-dist/tex/latex/hyperref/pd1enc.def
File: pd1enc.def 2025-07-12 v7.01o Hyperref: PDFDocEncoding definition (HO)
) (/usr/local/texlive/2025/texmf-dist/tex/generic/intcalc/intcalc.sty
Package: intcalc 2019/12/15 v1.3 Expandable calculations with integers (HO)
)
\Hy@SavedSpaceFactor=\count292
(/usr/local/texlive/2025/texmf-dist/tex/latex/hyperref/puenc.def
File: puenc.def 2025-07-12 v7.01o Hyperref: PDF Unicode definition (HO)
)
Package hyperref Info: Hyper figures OFF on input line 4195.
Package hyperref Info: Link nesting OFF on input line 4200.
Package hyperref Info: Hyper index ON on input line 4203.
Package hyperref Info: Plain pages OFF on input line 4210.
Package hyperref Info: Backreferencing OFF on input line 4215.
Package hyperref Info: Implicit mode ON; LaTeX internals redefined.
Package hyperref Info: Bookmarks ON on input line 4462.
\c@Hy@tempcnt=\count293
(/usr/local/texlive/2025/texmf-dist/tex/latex/url/url.sty
\Urlmuskip=\muskip17
Package: url 2013/09/16  ver 3.4  Verb mode for urls, etc.
)
LaTeX Info: Redefining \url on input line 4801.
\XeTeXLinkMargin=\dimen172
(/usr/local/texlive/2025/texmf-dist/tex/generic/bitset/bitset.sty
Package: bitset 2019/12/09 v1.3 Handle bit-vector datatype (HO)
(/usr/local/texlive/2025/texmf-dist/tex/generic/bigintcalc/bigintcalc.sty
Package: bigintcalc 2019/12/15 v1.5 Expandable calculations on big integers (HO
)
))
\Fld@menulength=\count294
\Field@Width=\dimen173
\Fld@charsize=\dimen174
Package hyperref Info: Hyper figures OFF on input line 6078.
Package hyperref Info: Link nesting OFF on input line 6083.
Package hyperref Info: Hyper index ON on input line 6086.
Package hyperref Info: backreferencing OFF on input line 6093.
Package hyperref Info: Link coloring OFF on input line 6098.
Package hyperref Info: Link coloring with OCG OFF on input line 6103.
Package hyperref Info: PDF/A mode OFF on input line 6108.
\Hy@abspage=\count295
\c@Item=\count296
\c@Hfootnote=\count297
)
Package hyperref Info: Driver (autodetected): hxetex.
(/usr/local/texlive/2025/texmf-dist/tex/latex/hyperref/hxetex.def
File: hxetex.def 2025-07-12 v7.01o Hyperref driver for XeTeX
\pdfm@box=\box53
\c@Hy@AnnotLevel=\count298
\HyField@AnnotCount=\count299
\Fld@listcount=\count300
\c@bookmark@seq@number=\count301

(/usr/local/texlive/2025/texmf-dist/tex/latex/rerunfilecheck/rerunfilecheck.sty
Package: rerunfilecheck 2025-06-21 v1.11 Rerun checks for auxiliary files (HO)

(/usr/local/texlive/2025/texmf-dist/tex/generic/uniquecounter/uniquecounter.sty
Package: uniquecounter 2019/12/15 v1.4 Provide unlimited unique counter (HO)
)
Package uniquecounter Info: New unique counter `rerunfilecheck' on input line 2
84.
)
\Hy@SectionHShift=\skip54
) (/usr/local/texlive/2025/texmf-dist/tex/latex/amsfonts/amssymb.sty
Package: amssymb 2013/01/14 v3.01 AMS font symbols
(/usr/local/texlive/2025/texmf-dist/tex/latex/amsfonts/amsfonts.sty
Package: amsfonts 2013/01/14 v3.01 Basic AMSFonts support
\@emptytoks=\toks21
\symAMSa=\mathgroup4
\symAMSb=\mathgroup5
LaTeX Font Info:    Redeclaring math symbol \hbar on input line 98.
LaTeX Font Info:    Overwriting math alphabet `\mathfrak' in version `bold'
(Font)                  U/euf/m/n --> U/euf/b/n on input line 106.
)) (/usr/local/texlive/2025/texmf-dist/tex/latex/enumitem/enumitem.sty
Package: enumitem 2025/02/06 v3.11 Customized lists
\labelindent=\skip55
\enit@outerparindent=\dimen175
\enit@toks=\toks22
\enit@inbox=\box54
\enit@count@id=\count302
\enitdp@description=\count303
) (/usr/local/texlive/2025/texmf-dist/tex/latex/amsmath/amsmath.sty
Package: amsmath 2025/06/16 v2.17y AMS math features
\@mathmargin=\skip56
For additional information on amsmath, use the `?' option.
(/usr/local/texlive/2025/texmf-dist/tex/latex/amsmath/amstext.sty
Package: amstext 2024/11/17 v2.01 AMS text
(/usr/local/texlive/2025/texmf-dist/tex/latex/amsmath/amsgen.sty
File: amsgen.sty 1999/11/30 v2.0 generic functions
\@emptytoks=\toks23
\ex@=\dimen176
)) (/usr/local/texlive/2025/texmf-dist/tex/latex/amsmath/amsbsy.sty
Package: amsbsy 1999/11/29 v1.2d Bold Symbols
\pmbraise@=\dimen177
) (/usr/local/texlive/2025/texmf-dist/tex/latex/amsmath/amsopn.sty
Package: amsopn 2022/04/08 v2.04 operator names
)
\inf@bad=\count304
LaTeX Info: Redefining \frac on input line 233.
\uproot@=\count305
\leftroot@=\count306
LaTeX Info: Redefining \overline on input line 398.
LaTeX Info: Redefining \colon on input line 409.
\classnum@=\count307
\DOTSCASE@=\count308
LaTeX Info: Redefining \ldots on input line 495.
LaTeX Info: Redefining \dots on input line 498.
LaTeX Info: Redefining \cdots on input line 619.
\Mathstrutbox@=\box55
\strutbox@=\box56
LaTeX Info: Redefining \big on input line 721.
LaTeX Info: Redefining \Big on input line 722.
LaTeX Info: Redefining \bigg on input line 723.
LaTeX Info: Redefining \Bigg on input line 724.
\big@size=\dimen178
LaTeX Font Info:    Redeclaring font encoding OML on input line 742.
LaTeX Font Info:    Redeclaring font encoding OMS on input line 743.
\macc@depth=\count309
LaTeX Info: Redefining \bmod on input line 904.
LaTeX Info: Redefining \pmod on input line 909.
LaTeX Info: Redefining \smash on input line 939.
LaTeX Info: Redefining \relbar on input line 969.
LaTeX Info: Redefining \Relbar on input line 970.
\c@MaxMatrixCols=\count310
\dotsspace@=\muskip18
\c@parentequation=\count311
\dspbrk@lvl=\count312
\tag@help=\toks24
\row@=\count313
\column@=\count314
\maxfields@=\count315
\andhelp@=\toks25
\eqnshift@=\dimen179
\alignsep@=\dimen180
\tagshift@=\dimen181
\tagwidth@=\dimen182
\totwidth@=\dimen183
\lineht@=\dimen184
\@envbody=\toks26
\multlinegap=\skip57
\multlinetaggap=\skip58
\mathdisplay@stack=\toks27
LaTeX Info: Redefining \[ on input line 2949.
LaTeX Info: Redefining \] on input line 2950.
) (/usr/local/texlive/2025/texmf-dist/tex/latex/booktabs/booktabs.sty
Package: booktabs 2020/01/12 v1.61803398 Publication quality tables
\heavyrulewidth=\dimen185
\lightrulewidth=\dimen186
\cmidrulewidth=\dimen187
\belowrulesep=\dimen188
\belowbottomsep=\dimen189
\aboverulesep=\dimen190
\abovetopsep=\dimen191
\cmidrulesep=\dimen192
\cmidrulekern=\dimen193
\defaultaddspace=\dimen194
\@cmidla=\count316
\@cmidlb=\count317
\@aboverulesep=\dimen195
\@belowrulesep=\dimen196
\@thisruleclass=\count318
\@lastruleclass=\count319
\@thisrulewidth=\dimen197
)
Package hyperref Info: Option `colorlinks' set `true' on input line 34.
(/usr/local/texlive/2025/texmf-dist/tex/latex/l3backend/l3backend-xetex.def
File: l3backend-xetex.def 2025-06-09 L3 backend support: XeTeX
\g__graphics_track_int=\count320
\g__pdfannot_backend_int=\count321
\g__pdfannot_backend_link_int=\count322
) (./komputasi_fisika.aux (./komputasi_fisika-materi.pengantar-julia.aux) (./ko
mputasi_fisika-materi.period-of-pendulum-by-proper-integration-julia.aux)
(./komputasi_fisika-materi.period-of-pendulum-by-improper-integration-julia.aux
) (./komputasi_fisika-materi.masalah-syarat-awal-julia.aux) (./komputasi_fisika
-materi.masalah-syarat-batas-julia.aux) (./komputasi_fisika-materi.pers-schrodi
nger-by-finite-diff-julia.aux) (./komputasi_fisika-materi.gerak-bandul-by-evalu
asi-fungsi-julia.aux) (./komputasi_fisika-materi.penyelesaian-pers-diffusi-juli
a.aux))
\openout1 = `komputasi_fisika.aux'.

LaTeX Font Info:    Checking defaults for OML/cmm/m/it on input line 58.
LaTeX Font Info:    ... okay on input line 58.
LaTeX Font Info:    Checking defaults for OMS/cmsy/m/n on input line 58.
LaTeX Font Info:    ... okay on input line 58.
LaTeX Font Info:    Checking defaults for OT1/cmr/m/n on input line 58.
LaTeX Font Info:    ... okay on input line 58.
LaTeX Font Info:    Checking defaults for T1/cmr/m/n on input line 58.
LaTeX Font Info:    ... okay on input line 58.
LaTeX Font Info:    Checking defaults for TS1/cmr/m/n on input line 58.
LaTeX Font Info:    ... okay on input line 58.
LaTeX Font Info:    Checking defaults for TU/lmr/m/n on input line 58.
LaTeX Font Info:    ... okay on input line 58.
LaTeX Font Info:    Checking defaults for OMX/cmex/m/n on input line 58.
LaTeX Font Info:    ... okay on input line 58.
LaTeX Font Info:    Checking defaults for U/cmr/m/n on input line 58.
LaTeX Font Info:    ... okay on input line 58.
LaTeX Font Info:    Checking defaults for PD1/pdf/m/n on input line 58.
LaTeX Font Info:    ... okay on input line 58.
LaTeX Font Info:    Checking defaults for PU/pdf/m/n on input line 58.
LaTeX Font Info:    ... okay on input line 58.
*geometry* driver: auto-detecting
*geometry* detected driver: xetex
*geometry* verbose mode - [ preamble ] result:
* driver: xetex
* paper: a4paper
* layout: <same size as paper>
* layoutoffset:(h,v)=(0.0pt,0.0pt)
* modes: 
* h-part:(L,W,R)=(56.9055pt, 483.69687pt, 56.9055pt)
* v-part:(T,H,B)=(56.9055pt, 731.23584pt, 56.9055pt)
* \paperwidth=597.50787pt
* \paperheight=845.04684pt
* \textwidth=483.69687pt
* \textheight=731.23584pt
* \oddsidemargin=-15.36449pt
* \evensidemargin=-15.36449pt
* \topmargin=-47.23828pt
* \headheight=12.0pt
* \headsep=19.8738pt
* \topskip=11.0pt
* \footskip=27.46295pt
* \marginparwidth=53.0pt
* \marginparsep=7.0pt
* \columnsep=10.0pt
* \skip\footins=10.0pt plus 4.0pt minus 2.0pt
* \hoffset=0.0pt
* \voffset=0.0pt
* \mag=1000
* \@twocolumnfalse
* \@twosidefalse
* \@mparswitchfalse
* \@reversemarginfalse
* (1in=72.27pt=25.4mm, 1cm=28.453pt)

Package caption Info: Begin \AtBeginDocument code.
Package caption Info: changepage package is loaded.
\caption@adjustwidth@hsize=\dimen198
\caption@adjustwidth@linewidth=\dimen199
Package caption Info: hyperref package is loaded.
Package caption Info: End \AtBeginDocument code.
Package hyperref Info: Link coloring ON on input line 58.
(./komputasi_fisika.out) (./komputasi_fisika.out)
\@outlinefile=\write3
\openout3 = `komputasi_fisika.out'.

LaTeX Font Info:    Trying to load font information for OT1+lmr on input line 6
3.
(/usr/local/texlive/2025/texmf-dist/tex/latex/lm/ot1lmr.fd
File: ot1lmr.fd 2015/05/01 v1.6.1 Font defs for Latin Modern
)
LaTeX Font Info:    Trying to load font information for OML+lmm on input line 6
3.
(/usr/local/texlive/2025/texmf-dist/tex/latex/lm/omllmm.fd
File: omllmm.fd 2015/05/01 v1.6.1 Font defs for Latin Modern
)
LaTeX Font Info:    Trying to load font information for OMS+lmsy on input line 
63.
(/usr/local/texlive/2025/texmf-dist/tex/latex/lm/omslmsy.fd
File: omslmsy.fd 2015/05/01 v1.6.1 Font defs for Latin Modern
)
LaTeX Font Info:    Trying to load font information for OMX+lmex on input line 
63.
(/usr/local/texlive/2025/texmf-dist/tex/latex/lm/omxlmex.fd
File: omxlmex.fd 2015/05/01 v1.6.1 Font defs for Latin Modern
)
LaTeX Font Info:    External font `lmex10' loaded for size
(Font)              <12> on input line 63.
LaTeX Font Info:    External font `lmex10' loaded for size
(Font)              <8> on input line 63.
LaTeX Font Info:    External font `lmex10' loaded for size
(Font)              <6> on input line 63.
LaTeX Font Info:    Trying to load font information for U+msa on input line 63.

(/usr/local/texlive/2025/texmf-dist/tex/latex/amsfonts/umsa.fd
File: umsa.fd 2013/01/14 v3.01 AMS symbols A
)
LaTeX Font Info:    Trying to load font information for U+msb on input line 63.

(/usr/local/texlive/2025/texmf-dist/tex/latex/amsfonts/umsb.fd
File: umsb.fd 2013/01/14 v3.01 AMS symbols B
)

[1



] (./komputasi_fisika.toc
LaTeX Font Info:    External font `lmex10' loaded for size
(Font)              <10.95> on input line 1.


[1

])
\tf@toc=\write4
\openout4 = `komputasi_fisika.toc'.



[2]
\openout2 = `komputasi_fisika-materi.pengantar-julia.aux'.

(./komputasi_fisika-materi.pengantar-julia.tex
LaTeX Font Info:    Trying to load font information for T1+lmtt on input line 1
9.
(/usr/local/texlive/2025/texmf-dist/tex/latex/lm/t1lmtt.fd
File: t1lmtt.fd 2015/05/01 v1.6.1 Font defs for Latin Modern
)

[1


]

[2]

[3]

[4]

[5]
Overfull \hbox (79.67902pt too wide) in paragraph at lines 435--435
[]\T1/lmtt/m/n/10.95 E = rand(3,2) # matrik orde 3x2 dengan semua unsur bernila
i bilangan random dalam interval 0 dan 1[] 
 []


Overfull \hbox (39.43788pt too wide) in paragraph at lines 454--454
[]\T1/lmtt/m/n/10.95 size(E) # operasi untuk menunjukkan daftar urutan (*tuple*
) dimensi atau orde bagi matrik E[] 
 []



[6]
Overfull \hbox (298.13089pt too wide) in paragraph at lines 515--515
[]\T1/lmtt/m/n/10.95 B[5] # mencuplik nilai dari unsur ke 5 bagi matrik B, yait
u dimulai dari kolom ke 1 (terdiri atas 3 unsur) dan dilanjutkan ke kolom ke 2[
] 
 []


Overfull \hbox (50.93535pt too wide) in paragraph at lines 523--523
[]\T1/lmtt/m/n/10.95 B[2,2] # mencuplik nilai dari unsur baris ke 2 dan kolom k
e 2, yang sama dengan perintah B[5][] 
 []


Overfull \hbox (68.18155pt too wide) in paragraph at lines 531--531
[]\T1/lmtt/m/n/10.95 CartesianIndices(B)[5] # mengubah dari unsur urutan ke 5 m
enjadi unsur baris ke 2 dan kolom ke 2[] 
 []


Overfull \hbox (62.43282pt too wide) in paragraph at lines 539--539
[]\T1/lmtt/m/n/10.95 LinearIndices(B)[2,2] # mengubah dari unsur baris ke 2 dan
 kolom ke 2 menjadi unsur urutan ke 5[] 
 []



[7]

[8]

[9]

[10]

[11]
File: files/93d819a65e89d18b8eecaaa2b2b73cc0.png Graphic file (type bmp)
<files/93d819a65e89d18b8eecaaa2b2b73cc0.png>
)

[12]
\openout2 = `komputasi_fisika-materi.period-of-pendulum-by-proper-integration-j
ulia.aux'.

(./komputasi_fisika-materi.period-of-pendulum-by-proper-integration-julia.tex

Package hyperref Warning: Token not allowed in a PDF string (Unicode):
(hyperref)                removing `math shift' on input line 45.


Package hyperref Warning: Token not allowed in a PDF string (Unicode):
(hyperref)                removing `math shift' on input line 45.



[13



]

[14]

[15]

[16]
Overfull \hbox (303.87962pt too wide) in paragraph at lines 285--285
[]\T1/lmtt/m/n/10.95 plot(theta0, tau, xlabel="Simpangan Awal", ylabel="Periode
 Ternormalisir", title="Simpangan Awal vs Periode Ternormalisir", legend=false)
[] 
 []

File: files/7846fe2583732156cfb9719e2c2f3244.png Graphic file (type bmp)
<files/7846fe2583732156cfb9719e2c2f3244.png>


[17])

[18]
\openout2 = `komputasi_fisika-materi.period-of-pendulum-by-improper-integration
-julia.aux'.


(./komputasi_fisika-materi.period-of-pendulum-by-improper-integration-julia.tex


[19



]

[20]

[21]

[22]

[23]
Underfull \hbox (badness 2564) in paragraph at lines 363--363
[]\T1/lmr/m/n/10.95 Bentuk fungsi bobot
 []


Underfull \hbox (badness 3930) in paragraph at lines 363--363
[]\T1/lmr/m/n/10.95 Polinomial Or-thonor-
 []


Underfull \hbox (badness 10000) in paragraph at lines 363--364
[]\T1/lmr/m/n/10.95 Nama Metode
 []


Underfull \hbox (badness 2521) in paragraph at lines 367--367
[]\T1/lmr/m/n/10.95 Polinomial \T1/lmr/m/it/10.95 Cheby-shev
 []


Underfull \hbox (badness 2521) in paragraph at lines 368--368
[]\T1/lmr/m/n/10.95 Polinomial \T1/lmr/m/it/10.95 Cheby-shev
 []


Underfull \hbox (badness 10000) in paragraph at lines 369--369
[]\T1/lmr/m/n/10.95 Polinomial \T1/lmr/m/it/10.95 La-guerre
 []



[24]

[25])

[26]
\openout2 = `komputasi_fisika-materi.masalah-syarat-awal-julia.aux'.

(./komputasi_fisika-materi.masalah-syarat-awal-julia.tex

[27



]

[28]
Missing character: There is no … ("2026) in font ec-lmtt10!
Missing character: There is no … ("2026) in font ec-lmtt10!
Missing character: There is no … ("2026) in font ec-lmtt10!

Overfull \hbox (6960.91304pt too wide) in paragraph at lines 134--134
[]\T1/lmtt/m/n/10.95 (0.0:0.10101010101010101:10.0, [0.3141592653589793, 0.3141
592653589793, 0.3110063524483075, 0.3047005266269638, 0.29527239833619856, 0.28
278328126894625, 0.2673250746124124, 0.24901991904969323, 0.22801960513309752, 
0.20450470874556503    -0.44405884262299766, -0.4654630821405065, -0.4824840118
825318, -0.49492544293918167, -0.5026328565022818, -0.5054941722991326, -0.5034
403322627302, -0.49644577323628464, -0.4845288402578027, -0.46775216450238594],
 [0.0, -0.031213837815651253, -0.062427675631302505, -0.093338470078576, -0.123
6422589657976, -0.15303624589968512, -0.18122104007091971, -0.20790310777429744
, -0.23279747423657177, -0.25563068977245124    -0.21190197122333776, -0.168507
20444605033, -0.12317016746083372, -0.07630339427469207, -0.028327026388823208,
 0.020333016360384343, 0.06924613436181111, 0.11797763648697143, 0.166089089978
62598, 0.21313873487721163], [0.04894348370484647, 0.04943063554043736, 0.04992
25161461032, 0.05041919539439044, 0.05092079432829728, 0.05142750495576389, 0.0
51939598472644774, 0.05245741888035964, 0.05298136111939615, 0.0535118353157959
    0.11943582851425907, 0.1205835257895263, 0.12174032259405235, 0.12290697963
47991, 0.12408394718016501, 0.12527143243788688, 0.12646952504453202, 0.1276783
590095043, 0.12889828338927356, 0.1301300113871556])[] 
 []


Overfull \hbox (476.34163pt too wide) in paragraph at lines 140--140
[]\T1/lmtt/m/n/10.95 plot(tau,[theta,omega,tenaga], label=[" \theta (rad)" " \o
mega (rad/s)" "E (J)"], xlabel="t (s)", ylabel="Nilai", title="Metode Euler: sk
ema Forward Difference", lw=2)[] 
 []

File: files/730da81d44f1e73519941cad253c907d.png Graphic file (type bmp)
<files/730da81d44f1e73519941cad253c907d.png>
Missing character: There is no … ("2026) in font ec-lmtt10!
Missing character: There is no … ("2026) in font ec-lmtt10!
Missing character: There is no … ("2026) in font ec-lmtt10!

Overfull \hbox (7058.64151pt too wide) in paragraph at lines 161--161
[]\T1/lmtt/m/n/10.95 (0.0:0.0001000010000100001:10.0, [0.3141592653589793, 0.31
41592653589793, 0.3141592622687476, 0.3141592560882841, 0.3141592468175889, 0.3
14159234456662, 0.31415921900550353, 0.3141592004641136, 0.3141591788324924, 0.
31415915411064005    -0.27404650781317896, -0.2740312267233172, -0.274015942927
10985, -0.274000656424704, -0.2739853672162468, -0.2739700753018854, -0.2739547
80681767, -0.2739394833560388, -0.273924183324848, -0.273908880588342], [0.0, -
3.090200845757932e -5, -6.180401691515864e -5, -9.270602507883651e -5, -0.00012
36080326547115, -0.00015451003934888215, -0.00018541204486744703, -0.0002163140
4891650472, -0.00024721605120215376, -0.00027811805143049273    0.1528093705084
03, 0.15283643369390992, 0.1528634954083134, 0.15289055565134657, 0.15291761442
274257, 0.15294467172223458, 0.1529717275495558, 0.15299878190443936, 0.1530258
3478661846, 0.15305288619582635], [0.04894348370484647, 0.048943484182313535, 0
.048943484659780594, 0.04894348513724762, 0.04894348561471477, 0.04894348609218
183, 0.048943486569648906, 0.04894348704711591, 0.04894348752458309, 0.04894348
8002050096    0.04899167387896488, 0.048991674357571915, 0.04899167483617959, 0
.04899167531478767, 0.04899167579339621, 0.04899167627200536, 0.048991676750614
825, 0.04899167722922493, 0.048991677707835427, 0.04899167818644651])[] 
 []


Overfull \hbox (476.34163pt too wide) in paragraph at lines 165--165
[]\T1/lmtt/m/n/10.95 plot(tau,[theta,omega,tenaga], label=[" \theta (rad)" " \o
mega (rad/s)" "E (J)"], xlabel="t (s)", ylabel="Nilai", title="Metode Euler: sk
ema Forward Difference", lw=2)[] 
 []

File: files/1b17632c776d0f524e34047c97ceafff.png Graphic file (type bmp)
<files/1b17632c776d0f524e34047c97ceafff.png>


[29]

[30]
Missing character: There is no … ("2026) in font ec-lmtt10!
Missing character: There is no … ("2026) in font ec-lmtt10!
Missing character: There is no … ("2026) in font ec-lmtt10!

Overfull \hbox (7041.39531pt too wide) in paragraph at lines 258--258
[]\T1/lmtt/m/n/10.95 (0.0:0.10101010101010101:10.0, [0.3141592653589793, 0.3110
3666841500766, 0.30485161220506607, 0.2956933574836417, 0.28367937524914233, 0.
2689542065467442, 0.2516880807139795, 0.2320752794297214, 0.21033223809381754, 
0.1866953826427497    -0.183584270046838, -0.189490659850576, -0.19343570236361
185, -0.19539973600462565, -0.19538292899322432, -0.19340508129314804, -0.18950
52559264344, -0.18374124211598217, -0.17618885253852928, -0.1669410572386985], 
[0.0, -0.03091370974531898, -0.06123205647842167, -0.09066672174210116, -0.1189
384241215436, -0.14577917015374187, -0.17093464574437048, -0.19416673271415544,
 -0.2152561092254482, -0.2340048689655714    -0.07749938999808642, -0.058473259
057006316, -0.03905592087905503, -0.019443933046036522, 0.00016638941287319686,
 0.019580692230755318, 0.03860827113046483, 0.057063736723476935, 0.07476865681
678335, 0.09155317346832458], [0.04894348370484647, 0.04846101516342059, 0.0479
83180461970025, 0.04750990151816244, 0.047041055176419655, 0.046576467950376975
, 0.046115923015143105, 0.04565917845151912, 0.04520599385235641, 0.04475616096
776207    0.019807393609626165, 0.0196092598608694, 0.019413104844114303, 0.019
218897555275272, 0.0190266150432537, 0.018836238241621086, 0.0186477475507732, 
0.018461119023112302, 0.018276321860326173, 0.018093317680765313])[] 
 []


Overfull \hbox (482.09036pt too wide) in paragraph at lines 262--262
[]\T1/lmtt/m/n/10.95 plot(tau,[theta,omega,tenaga], label=[" \theta (rad)" " \o
mega (rad/s)" "E (J)"], xlabel="t (s)", ylabel="Nilai", title="Metode Euler: sk
ema Backward Difference", lw=2)[] 
 []

File: files/82d250dd116f38199e5659497a61a190.png Graphic file (type bmp)
<files/82d250dd116f38199e5659497a61a190.png>


[31]
Missing character: There is no … ("2026) in font ec-lmtt10!
Missing character: There is no … ("2026) in font ec-lmtt10!
Missing character: There is no … ("2026) in font ec-lmtt10!

Overfull \hbox (7070.13898pt too wide) in paragraph at lines 283--283
[]\T1/lmtt/m/n/10.95 (0.0:0.0001000010000100001:10.0, [0.3141592653589793, 0.31
41592622687476, 0.3141592560882842, 0.3141592468175893, 0.3141592344566629, 0.3
141592190055052, 0.31415920046411633, 0.31415917883249656, 0.3141591541106461, 
0.31415912629856524    -0.2737650195925278, -0.2737497490194999, -0.27373447574
31305, -0.2737191997635666, -0.27370392108095537, -0.2736886396954439, -0.27367
33556071793, -0.27365806881630883, -0.27364277932297965, -0.2736274871273391], 
[0.0, -3.090200816367788e -5, -6.180401573955288e -5, -9.270602243372358e -5, -
0.00012360802795228855, -0.0001545100320013464, -0.0001854120342869957, -0.0002
163140345153351, -0.0002472160323924632, -0.00027811802762447866    0.152677168
60598687, 0.15270420322153216, 0.15273123636660363, 0.15275826804093467, 0.1527
8529824425877, 0.15281232697630934, 0.15283935423681988, 0.15286638002552388, 0
.15289340434215482, 0.1529204271864462], [0.04894348370484647, 0.04894348322737
939, 0.048943482749912254, 0.048943482272445306, 0.04894348179497821, 0.0489434
8131751115, 0.04894348084004415, 0.0489434803625771, 0.04894347988511005, 0.048
94347940764306    0.048895340151033896, 0.04889533967334518, 0.0488953391956560
6, 0.04889533871796639, 0.0488953382402762, 0.04889533776258566, 0.048895337284
894494, 0.04889533680720297, 0.04889533632951087, 0.04889533585181831])[] 
 []


Overfull \hbox (482.09036pt too wide) in paragraph at lines 287--287
[]\T1/lmtt/m/n/10.95 plot(tau,[theta,omega,tenaga], label=[" \theta (rad)" " \o
mega (rad/s)" "E (J)"], xlabel="t (s)", ylabel="Nilai", title="Metode Euler: sk
ema Backward Difference", lw=2)[] 
 []

File: files/533abdf90b6789858c3f08192f69af96.png Graphic file (type bmp)
<files/533abdf90b6789858c3f08192f69af96.png>


[32]
Overfull \hbox (4.94548pt too wide) in paragraph at lines 347--347
[]        \T1/lmtt/m/n/10.95 omega[i+1] = omega[i] - dtau * sin(theta[i+1])/2.0
 - dtau * sin(theta[i])/2.0[] 
 []



[33]
Missing character: There is no … ("2026) in font ec-lmtt10!
Missing character: There is no … ("2026) in font ec-lmtt10!
Missing character: There is no … ("2026) in font ec-lmtt10!

Overfull \hbox (6989.65671pt too wide) in paragraph at lines 370--370
[]\T1/lmtt/m/n/10.95 (0.0:0.10101010101010101:10.0, [0.3141592653589793, 0.3125
866249719053, 0.30788394264310964, 0.3000968322441008, 0.2893009714540944, 0.27
56015722504692, 0.25913261827205114, 0.24005585084413306, 0.2185594844462753, 0
.1948566341088187    -0.289753878289862, -0.30043986698757424, -0.3081137677797
803, -0.3127010097438818, -0.3141571011258324, -0.3124679326997603, -0.30764987
276391914, -0.2997496568804393, -0.28884406875876933, -0.27503940239344166], [0
.0, -0.031138279664065613, -0.06197483044608823, -0.09220995545428694, -0.12154
808818783888, -0.14970001604393895, -0.17638527272873894, -0.20133472234403962,
 -0.22429333233354407, -0.24502310434809627    -0.12047959040197907, -0.0911029
8581272365, -0.060840249872956054, -0.02998714101625488, 0.001156531653633443, 
0.03228900318259369, 0.06310858354706189, 0.09331569094583918, 0.12261495386322
577, 0.1507174401702617], [0.04894348370484647, 0.048943483604930046, 0.0489434
80959126255, 0.04894346918042656, 0.04894343872509682, 0.0489433790112838, 0.04
894328067016141, 0.04894313776593329, 0.0489429496113613, 0.04894272185285934  
  0.048943440312307726, 0.04894346988593791, 0.04894348116864298, 0.04894348362
566326, 0.04894348370498454, 0.048943483581194214, 0.04894348073739935, 0.04894
346844935763, 0.04894343709751409, 0.048943376103851216])[] 
 []


Overfull \hbox (476.34163pt too wide) in paragraph at lines 374--374
[]\T1/lmtt/m/n/10.95 plot(tau,[theta,omega,tenaga], label=[" \theta (rad)" " \o
mega (rad/s)" "E (J)"], xlabel="t (s)", ylabel="Nilai", title="Metode Euler: sk
ema Central Difference", lw=2)[] 
 []

File: files/83f1e9a2d5cdb253d721da655936bbbb.png Graphic file (type bmp)
<files/83f1e9a2d5cdb253d721da655936bbbb.png>


[34]

[35]
Missing character: There is no … ("2026) in font ec-lmtt10!
Missing character: There is no … ("2026) in font ec-lmtt10!
Missing character: There is no … ("2026) in font ec-lmtt10!

Overfull \hbox (6978.15924pt too wide) in paragraph at lines 466--466
[]\T1/lmtt/m/n/10.95 (0.0:0.10101010101010101:10.0, [0.3141592653589793, 0.3125
8280890364337, 0.30786109019853874, 0.30004000712852474, 0.28919578224212805, 0
.2754344356607958, 0.258891024221477, 0.2397286273128412, 0.2181370586583349, 0
.1943312849561382    -0.2927456929064658, -0.3027990244360954, -0.3098026631531
203, -0.31368827638442937, -0.31441799044271984, -0.3119846440004115, -0.306411
8353675897, -0.2977537654351496, -0.28609487086134033, -0.27154923551852644], [
0.0, -0.031213837815651253, -0.06212463226292474, -0.0924306331079267, -0.12183
42252978799, -0.15004416601973392, -0.1767779975292747, -0.20176465982701564, -
0.22474730077596286, -0.2454862521060401    -0.11410284008973709, -0.0843962786
3774492, -0.05386508109102213, -0.02280846326714872, 0.008470784010851357, 0.03
9668377307133934, 0.07048057160687554, 0.10060621016508695, 0.1297488611995153,
 0.15761909940497998], [0.04894348370484647, 0.048944665696320055, 0.0489458511
02523655, 0.04894704552218808, 0.04894825576158639, 0.048949488740666, 0.048950
75027029264, 0.048952043892026356, 0.04895336997095233, 0.048954725202035726   
 0.049054601571478215, 0.04905578630554085, 0.049056972828525766, 0.04905815859
795628, 0.04905934307380908, 0.04906052811926045, 0.04906171794529068, 0.049062
91859910269, 0.04906413706665905, 0.04906538012087577])[] 
 []


Overfull \hbox (418.8543pt too wide) in paragraph at lines 470--470
[]\T1/lmtt/m/n/10.95 plot(tau,[theta,omega,tenaga], label=[" \theta (rad)" " \o
mega (rad/s)" "E (J)"], xlabel="t (s)", ylabel="Nilai", title="Metode Runge -Ku
tta: Orde 2 ", lw=2)[] 
 []

File: files/10b2429b87d8ec0d27f8f96695addad7.png Graphic file (type bmp)
<files/10b2429b87d8ec0d27f8f96695addad7.png>


[36]
Missing character: There is no … ("2026) in font ec-lmtt10!
Missing character: There is no … ("2026) in font ec-lmtt10!
Missing character: There is no … ("2026) in font ec-lmtt10!

Overfull \hbox (6995.40544pt too wide) in paragraph at lines 543--543
[]\T1/lmtt/m/n/10.95 (0.0:0.30303030303030304:30.0, [0.3141592653589793, 0.3000
745329181524, 0.2590497949653009, 0.1946849504041766, 0.11269951435780967, 0.02
0474264943755205, -0.07361399333009934, -0.16100460758637525, -0.23379435724544
684, -0.2854774752486498    -0.12230805682200331, -0.20265425160148018, -0.2646
6611887558966, -0.3028417850726443, -0.3138355947271597, -0.2966909144187245, -
0.25290160235259407, -0.18631495567142758, -0.10285693854144258, -0.01005040380
6647373], [0.0, -0.09227618651564055, -0.1765008399061332, -0.24515555661052546
, -0.2918823121478725, -0.3121905049670935, -0.3040795949197894, -0.26835278669
355356, -0.2084882844651988, -0.13012431656559376    -0.287847620312954, -0.238
46867118937956, -0.1677929908352835, -0.08233784555417671, 0.010294227661489519
, 0.10203091756053252, 0.18485636741996478, 0.251350327084268, 0.29532836170203
564, 0.3125493669305646], [0.04894348370484647, 0.04894298681020527, 0.04894245
218300179, 0.048941956538971806, 0.048941513519635736, 0.04894104613652996, 0.0
4894048667721159, 0.0489398761123757, 0.04893932246747003, 0.04893887133537991 
   0.048898437144763225, 0.048897845806198076, 0.04889735023869329, 0.048896932
58435911, 0.04889649935996709, 0.04889599555849384, 0.04889546225757787, 0.0488
9497410179848, 0.04889453354043165, 0.048894058267557154])[] 
 []



[37]
Overfull \hbox (413.10556pt too wide) in paragraph at lines 547--547
[]\T1/lmtt/m/n/10.95 plot(tau,[theta,omega,tenaga], label=[" \theta (rad)" " \o
mega (rad/s)" "E (J)"], xlabel="t (s)", ylabel="Nilai", title="Metode Runge -Ku
tta: Orde 4", lw=2)[] 
 []

File: files/29ea44532eec409741504b6798e4c247.png Graphic file (type bmp)
<files/29ea44532eec409741504b6798e4c247.png>
)

[38]
\openout2 = `komputasi_fisika-materi.masalah-syarat-batas-julia.aux'.

(./komputasi_fisika-materi.masalah-syarat-batas-julia.tex

[39



]

[40]
Overfull \hbox (171.65875pt too wide) in paragraph at lines 213--213
[]\T1/lmtt/m/n/10.95 plot(r,[V,V_ref],label=["Numerik" "Analitik"],xlabel=L"r",
 ylabel=L"V(r)", title="Penyelesaian Persamaan Poisson")[] 
 []

File: files/fb0124a2062ec149ab396d57cbeae650.png Graphic file (type bmp)
<files/fb0124a2062ec149ab396d57cbeae650.png>


[41]
File: files/ad466764342e46490cf9fd8e074aa01e.png Graphic file (type bmp)
<files/ad466764342e46490cf9fd8e074aa01e.png>


[42]
Overfull \hbox (171.65875pt too wide) in paragraph at lines 309--309
[]\T1/lmtt/m/n/10.95 plot(r,[V,V_ref],label=["Numerik" "Analitik"],xlabel=L"r",
 ylabel=L"V(r)", title="Penyelesaian Persamaan Poisson")[] 
 []

File: files/fb0124a2062ec149ab396d57cbeae650.png Graphic file (type bmp)
<files/fb0124a2062ec149ab396d57cbeae650.png>


[43]

[44]
Overfull \hbox (211.89989pt too wide) in paragraph at lines 430--430
[]\T1/lmtt/m/n/10.95 plot(r,[Phi,Phi_ref],label=["Numerik" "Analitik"],xlabel=L
"r", ylabel=L"\phi(r)", title="Penyelesaian Persamaan Poisson")[] 
 []

File: files/f3597a498d751b05068d52efcd24d223.png Graphic file (type bmp)
<files/f3597a498d751b05068d52efcd24d223.png>

Overfull \hbox (125.66888pt too wide) in paragraph at lines 440--440
[]\T1/lmtt/m/n/10.95 plot(r,V,label=["Numerik" "Analitik"],xlabel=L"r", ylabel=
L"V(r)", title="Penyelesaian Persamaan Poisson")[] 
 []

File: files/2bd9c309f8b89d60e4455e9c19a004ba.png Graphic file (type bmp)
<files/2bd9c309f8b89d60e4455e9c19a004ba.png>


[45]

[46]
Overfull \hbox (177.40749pt too wide) in paragraph at lines 533--533
[]\T1/lmtt/m/n/10.95 plot(r,[V, V_ref],label=["Numerik" "Analitik"],xlabel=L"r"
, ylabel=L"V(r)", title="Penyelesaian Persamaan Poisson")[] 
 []

File: files/439f37019c1c7b8fb82cba13473d0403.png Graphic file (type bmp)
<files/439f37019c1c7b8fb82cba13473d0403.png>

Overfull \hbox (177.40749pt too wide) in paragraph at lines 554--554
[]\T1/lmtt/m/n/10.95 plot(r,[V, V_ref],label=["Numerik" "Analitik"],xlabel=L"r"
, ylabel=L"V(r)", title="Penyelesaian Persamaan Poisson")[] 
 []

File: files/84fa6c1926ae67651200fe76f3265c3f.png Graphic file (type bmp)
<files/84fa6c1926ae67651200fe76f3265c3f.png>


[47]
File: files/40bf08627c0ee1eeba3964500595aaf9.png Graphic file (type bmp)
<files/40bf08627c0ee1eeba3964500595aaf9.png>


[48]
Overfull \hbox (217.64862pt too wide) in paragraph at lines 601--601
[]\T1/lmtt/m/n/10.95 plot(r,[Phi, Phi_ref],label=["Numerik" "Analitik"],xlabel=
L"r", ylabel=L"\phi(r)", title="Penyelesaian Persamaan Poisson")[] 
 []

File: files/f76ea5d013a481d79c1db8d56e2556ce.png Graphic file (type bmp)
<files/f76ea5d013a481d79c1db8d56e2556ce.png>


[49]
Missing character: There is no ⋮ ("22EE) in font ec-lmtt10!

Overfull \hbox (217.64862pt too wide) in paragraph at lines 651--651
[]\T1/lmtt/m/n/10.95 plot(r,[Phi, Phi_ref],label=["Numerik" "Analitik"],xlabel=
L"r", ylabel=L"\phi(r)", title="Penyelesaian Persamaan Poisson")[] 
 []

File: files/965136e84906ea7013b4cd1027fbbeca.png Graphic file (type bmp)
<files/965136e84906ea7013b4cd1027fbbeca.png>


[50]

[51]

[52]

[53]
Overfull \hbox (114.17142pt too wide) in paragraph at lines 930--930
[]                    \T1/lmtt/m/n/10.95 b[k+1] = -hx^2 * hy^2 * exp( -x[i+1] *
 y[j+1]) - hy^2 * V[i, j+1] - hx^2 * V[i+1, j][] 
 []


Overfull \hbox (125.66888pt too wide) in paragraph at lines 930--930
[]                    \T1/lmtt/m/n/10.95 b[k+1] = -hx^2 * hy^2 * exp( -x[i+1] *
 y[j+1]) - hy^2 * V[i, j+1] - hx^2 * V[i+1, j+2][] 
 []


Overfull \hbox (4.94548pt too wide) in paragraph at lines 930--930
[]                    \T1/lmtt/m/n/10.95 b[k+1] = -hx^2 * hy^2 * exp( -x[i+1] *
 y[j+1]) - hy^2 * V[i, j+1][] 
 []


Overfull \hbox (125.66888pt too wide) in paragraph at lines 930--930
[]                    \T1/lmtt/m/n/10.95 b[k+1] = -hx^2 * hy^2 * exp( -x[i+1] *
 y[j+1]) - hy^2 * V[i+2, j+1] - hx^2 * V[i+1, j][] 
 []


Overfull \hbox (137.16635pt too wide) in paragraph at lines 930--930
[]                    \T1/lmtt/m/n/10.95 b[k+1] = -hx^2 * hy^2 * exp( -x[i+1] *
 y[j+1]) - hy^2 * V[i+2, j+1] - hx^2 * V[i+1, j+2][] 
 []


Overfull \hbox (16.44295pt too wide) in paragraph at lines 930--930
[]                    \T1/lmtt/m/n/10.95 b[k+1] = -hx^2 * hy^2 * exp( -x[i+1] *
 y[j+1]) - hy^2 * V[i+2, j+1][] 
 []


Overfull \hbox (4.94548pt too wide) in paragraph at lines 930--930
[]                    \T1/lmtt/m/n/10.95 b[k+1] = -hx^2 * hy^2 * exp( -x[i+1] *
 y[j+1]) - hx^2 * V[i+1, j][] 
 []


Overfull \hbox (16.44295pt too wide) in paragraph at lines 930--930
[]                    \T1/lmtt/m/n/10.95 b[k+1] = -hx^2 * hy^2 * exp( -x[i+1] *
 y[j+1]) - hx^2 * V[i+1, j+2][] 
 []



[54]
Missing character: There is no ┌ ("250C) in font ec-lmtt10!
Missing character: There is no ─ ("2500) in font ec-lmtt10!
Missing character: There is no ─ ("2500) in font ec-lmtt10!
Missing character: There is no ─ ("2500) in font ec-lmtt10!
Missing character: There is no ─ ("2500) in font ec-lmtt10!
Missing character: There is no ─ ("2500) in font ec-lmtt10!
Missing character: There is no ─ ("2500) in font ec-lmtt10!
Missing character: There is no ─ ("2500) in font ec-lmtt10!
Missing character: There is no ─ ("2500) in font ec-lmtt10!
Missing character: There is no ─ ("2500) in font ec-lmtt10!
Missing character: There is no ─ ("2500) in font ec-lmtt10!
Missing character: There is no ─ ("2500) in font ec-lmtt10!
Missing character: There is no ─ ("2500) in font ec-lmtt10!
Missing character: There is no ─ ("2500) in font ec-lmtt10!
Missing character: There is no ─ ("2500) in font ec-lmtt10!
Missing character: There is no ─ ("2500) in font ec-lmtt10!
Missing character: There is no ─ ("2500) in font ec-lmtt10!
Missing character: There is no ─ ("2500) in font ec-lmtt10!
Missing character: There is no ─ ("2500) in font ec-lmtt10!
Missing character: There is no ─ ("2500) in font ec-lmtt10!
Missing character: There is no ─ ("2500) in font ec-lmtt10!
Missing character: There is no ─ ("2500) in font ec-lmtt10!
Missing character: There is no ─ ("2500) in font ec-lmtt10!
Missing character: There is no ─ ("2500) in font ec-lmtt10!
Missing character: There is no ─ ("2500) in font ec-lmtt10!
Missing character: There is no ─ ("2500) in font ec-lmtt10!
Missing character: There is no ─ ("2500) in font ec-lmtt10!
Missing character: There is no ─ ("2500) in font ec-lmtt10!
Missing character: There is no ─ ("2500) in font ec-lmtt10!
Missing character: There is no ─ ("2500) in font ec-lmtt10!
Missing character: There is no ─ ("2500) in font ec-lmtt10!
Missing character: There is no ┐ ("2510) in font ec-lmtt10!
Missing character: There is no │ ("2502) in font ec-lmtt10!
Missing character: There is no ⠻ ("283B) in font ec-lmtt10!
Missing character: There is no ⣦ ("28E6) in font ec-lmtt10!
Missing character: There is no ⡀ ("2840) in font ec-lmtt10!
Missing character: There is no ⠉ ("2809) in font ec-lmtt10!
Missing character: There is no ⠦ ("2826) in font ec-lmtt10!
Missing character: There is no ⡀ ("2840) in font ec-lmtt10!
Missing character: There is no ⠀ ("2800) in font ec-lmtt10!
Missing character: There is no ⠀ ("2800) in font ec-lmtt10!
Missing character: There is no ⠀ ("2800) in font ec-lmtt10!
Missing character: There is no ⠀ ("2800) in font ec-lmtt10!
Missing character: There is no ⠀ ("2800) in font ec-lmtt10!
Missing character: There is no ⠀ ("2800) in font ec-lmtt10!
Missing character: There is no ⠀ ("2800) in font ec-lmtt10!
Missing character: There is no ⠀ ("2800) in font ec-lmtt10!
Missing character: There is no ⠀ ("2800) in font ec-lmtt10!
Missing character: There is no ⠀ ("2800) in font ec-lmtt10!
Missing character: There is no ⠀ ("2800) in font ec-lmtt10!
Missing character: There is no ⠀ ("2800) in font ec-lmtt10!
Missing character: There is no ⠀ ("2800) in font ec-lmtt10!
Missing character: There is no ⠀ ("2800) in font ec-lmtt10!
Missing character: There is no ⠀ ("2800) in font ec-lmtt10!
Missing character: There is no ⠀ ("2800) in font ec-lmtt10!
Missing character: There is no ⠀ ("2800) in font ec-lmtt10!
Missing character: There is no ⠀ ("2800) in font ec-lmtt10!
Missing character: There is no ⠀ ("2800) in font ec-lmtt10!
Missing character: There is no ⠀ ("2800) in font ec-lmtt10!
Missing character: There is no ⠀ ("2800) in font ec-lmtt10!
Missing character: There is no ⠀ ("2800) in font ec-lmtt10!
Missing character: There is no ⠀ ("2800) in font ec-lmtt10!
Missing character: There is no ⠀ ("2800) in font ec-lmtt10!
Missing character: There is no │ ("2502) in font ec-lmtt10!
Missing character: There is no │ ("2502) in font ec-lmtt10!
Missing character: There is no ⡄ ("2844) in font ec-lmtt10!
Missing character: There is no ⠈ ("2808) in font ec-lmtt10!
Missing character: There is no ⠛ ("281B) in font ec-lmtt10!
Missing character: There is no ⣤ ("28E4) in font ec-lmtt10!
Missing character: There is no ⡀ ("2840) in font ec-lmtt10!
Missing character: There is no ⠑ ("2811) in font ec-lmtt10!
Missing character: There is no ⢢ ("28A2) in font ec-lmtt10!
Missing character: There is no ⠀ ("2800) in font ec-lmtt10!
Missing character: There is no ⠀ ("2800) in font ec-lmtt10!
Missing character: There is no ⠀ ("2800) in font ec-lmtt10!
Missing character: There is no ⠀ ("2800) in font ec-lmtt10!
Missing character: There is no ⠀ ("2800) in font ec-lmtt10!
Missing character: There is no ⠀ ("2800) in font ec-lmtt10!
Missing character: There is no ⠀ ("2800) in font ec-lmtt10!
Missing character: There is no ⠀ ("2800) in font ec-lmtt10!
Missing character: There is no ⠀ ("2800) in font ec-lmtt10!
Missing character: There is no ⠀ ("2800) in font ec-lmtt10!
Missing character: There is no ⠀ ("2800) in font ec-lmtt10!
Missing character: There is no ⠀ ("2800) in font ec-lmtt10!
Missing character: There is no ⠀ ("2800) in font ec-lmtt10!
Missing character: There is no ⠀ ("2800) in font ec-lmtt10!
Missing character: There is no ⠀ ("2800) in font ec-lmtt10!
Missing character: There is no ⠀ ("2800) in font ec-lmtt10!
Missing character: There is no ⠀ ("2800) in font ec-lmtt10!
Missing character: There is no ⠀ ("2800) in font ec-lmtt10!
Missing character: There is no ⠀ ("2800) in font ec-lmtt10!
Missing character: There is no ⠀ ("2800) in font ec-lmtt10!
Missing character: There is no ⠀ ("2800) in font ec-lmtt10!
Missing character: There is no ⠀ ("2800) in font ec-lmtt10!
Missing character: There is no ⠀ ("2800) in font ec-lmtt10!
Missing character: There is no │ ("2502) in font ec-lmtt10!
Missing character: There is no │ ("2502) in font ec-lmtt10!
Missing character: There is no ⠈ ("2808) in font ec-lmtt10!
Missing character: There is no ⠣ ("2823) in font ec-lmtt10!
Missing character: There is no ⢄ ("2884) in font ec-lmtt10!
Missing character: There is no ⠈ ("2808) in font ec-lmtt10!
Missing character: There is no ⠻ ("283B) in font ec-lmtt10!
Missing character: There is no ⣦ ("28E6) in font ec-lmtt10!
Missing character: There is no ⡀ ("2840) in font ec-lmtt10!
Missing character: There is no ⠉ ("2809) in font ec-lmtt10!
Missing character: There is no ⠦ ("2826) in font ec-lmtt10!
Missing character: There is no ⡀ ("2840) in font ec-lmtt10!
Missing character: There is no ⠀ ("2800) in font ec-lmtt10!
Missing character: There is no ⠀ ("2800) in font ec-lmtt10!
Missing character: There is no ⠀ ("2800) in font ec-lmtt10!
Missing character: There is no ⠀ ("2800) in font ec-lmtt10!
Missing character: There is no ⠀ ("2800) in font ec-lmtt10!
Missing character: There is no ⠀ ("2800) in font ec-lmtt10!
Missing character: There is no ⠀ ("2800) in font ec-lmtt10!
Missing character: There is no ⠀ ("2800) in font ec-lmtt10!
Missing character: There is no ⠀ ("2800) in font ec-lmtt10!
Missing character: There is no ⠀ ("2800) in font ec-lmtt10!
Missing character: There is no ⠀ ("2800) in font ec-lmtt10!
Missing character: There is no ⠀ ("2800) in font ec-lmtt10!
Missing character: There is no ⠀ ("2800) in font ec-lmtt10!
Missing character: There is no ⠀ ("2800) in font ec-lmtt10!
Missing character: There is no ⠀ ("2800) in font ec-lmtt10!
Missing character: There is no ⠀ ("2800) in font ec-lmtt10!
Missing character: There is no ⠀ ("2800) in font ec-lmtt10!
Missing character: There is no ⠀ ("2800) in font ec-lmtt10!
Missing character: There is no ⠀ ("2800) in font ec-lmtt10!
Missing character: There is no ⠀ ("2800) in font ec-lmtt10!
Missing character: There is no │ ("2502) in font ec-lmtt10!
Missing character: There is no │ ("2502) in font ec-lmtt10!
Missing character: There is no ⠀ ("2800) in font ec-lmtt10!
Missing character: There is no ⠀ ("2800) in font ec-lmtt10!
Missing character: There is no ⠈ ("2808) in font ec-lmtt10!
Missing character: There is no ⠒ ("2812) in font ec-lmtt10!
Missing character: There is no ⡄ ("2844) in font ec-lmtt10!
Missing character: There is no ⠈ ("2808) in font ec-lmtt10!
Missing character: There is no ⠱ ("2831) in font ec-lmtt10!
Missing character: There is no ⣦ ("28E6) in font ec-lmtt10!
Missing character: There is no ⡀ ("2840) in font ec-lmtt10!
Missing character: There is no ⠘ ("2818) in font ec-lmtt10!
Missing character: There is no ⢢ ("28A2) in font ec-lmtt10!
Missing character: There is no ⠀ ("2800) in font ec-lmtt10!
Missing character: There is no ⠀ ("2800) in font ec-lmtt10!
Missing character: There is no ⠀ ("2800) in font ec-lmtt10!
Missing character: There is no ⠀ ("2800) in font ec-lmtt10!
Missing character: There is no ⠀ ("2800) in font ec-lmtt10!
Missing character: There is no ⠀ ("2800) in font ec-lmtt10!
Missing character: There is no ⠀ ("2800) in font ec-lmtt10!
Missing character: There is no ⠀ ("2800) in font ec-lmtt10!
Missing character: There is no ⠀ ("2800) in font ec-lmtt10!
Missing character: There is no ⠀ ("2800) in font ec-lmtt10!
Missing character: There is no ⠀ ("2800) in font ec-lmtt10!
Missing character: There is no ⠀ ("2800) in font ec-lmtt10!
Missing character: There is no ⠀ ("2800) in font ec-lmtt10!
Missing character: There is no ⠀ ("2800) in font ec-lmtt10!
Missing character: There is no ⠀ ("2800) in font ec-lmtt10!
Missing character: There is no ⠀ ("2800) in font ec-lmtt10!
Missing character: There is no ⠀ ("2800) in font ec-lmtt10!
Missing character: There is no ⠀ ("2800) in font ec-lmtt10!
Missing character: There is no ⠀ ("2800) in font ec-lmtt10!
Missing character: There is no │ ("2502) in font ec-lmtt10!
Missing character: There is no │ ("2502) in font ec-lmtt10!
Missing character: There is no ⠀ ("2800) in font ec-lmtt10!
Missing character: There is no ⠀ ("2800) in font ec-lmtt10!
Missing character: There is no ⠀ ("2800) in font ec-lmtt10!
Missing character: There is no ⠀ ("2800) in font ec-lmtt10!
Missing character: There is no ⠈ ("2808) in font ec-lmtt10!
Missing character: There is no ⠣ ("2823) in font ec-lmtt10!
Missing character: There is no ⣀ ("28C0) in font ec-lmtt10!
Missing character: There is no ⠈ ("2808) in font ec-lmtt10!
Missing character: There is no ⠻ ("283B) in font ec-lmtt10!
Missing character: There is no ⣦ ("28E6) in font ec-lmtt10!
Missing character: There is no ⡀ ("2840) in font ec-lmtt10!
Missing character: There is no ⠉ ("2809) in font ec-lmtt10!
Missing character: There is no ⢆ ("2886) in font ec-lmtt10!
Missing character: There is no ⡀ ("2840) in font ec-lmtt10!
Missing character: There is no ⠀ ("2800) in font ec-lmtt10!
Missing character: There is no ⠀ ("2800) in font ec-lmtt10!
Missing character: There is no ⠀ ("2800) in font ec-lmtt10!
Missing character: There is no ⠀ ("2800) in font ec-lmtt10!
Missing character: There is no ⠀ ("2800) in font ec-lmtt10!
Missing character: There is no ⠀ ("2800) in font ec-lmtt10!
Missing character: There is no ⠀ ("2800) in font ec-lmtt10!
Missing character: There is no ⠀ ("2800) in font ec-lmtt10!
Missing character: There is no ⠀ ("2800) in font ec-lmtt10!
Missing character: There is no ⠀ ("2800) in font ec-lmtt10!
Missing character: There is no ⠀ ("2800) in font ec-lmtt10!
Missing character: There is no ⠀ ("2800) in font ec-lmtt10!
Missing character: There is no ⠀ ("2800) in font ec-lmtt10!
Missing character: There is no ⠀ ("2800) in font ec-lmtt10!
Missing character: There is no ⠀ ("2800) in font ec-lmtt10!
Missing character: There is no ⠀ ("2800) in font ec-lmtt10!
Missing character: There is no │ ("2502) in font ec-lmtt10!
Missing character: There is no │ ("2502) in font ec-lmtt10!
Missing character: There is no ⠀ ("2800) in font ec-lmtt10!
Missing character: There is no ⠀ ("2800) in font ec-lmtt10!
Missing character: There is no ⠀ ("2800) in font ec-lmtt10!
Missing character: There is no ⠀ ("2800) in font ec-lmtt10!
Missing character: There is no ⠀ ("2800) in font ec-lmtt10!
Missing character: There is no ⠀ ("2800) in font ec-lmtt10!
Missing character: There is no ⠈ ("2808) in font ec-lmtt10!
Missing character: There is no ⠒ ("2812) in font ec-lmtt10!
Missing character: There is no ⡄ ("2844) in font ec-lmtt10!
Missing character: There is no ⠈ ("2808) in font ec-lmtt10!
Missing character: There is no ⠻ ("283B) in font ec-lmtt10!
Missing character: There is no ⣦ ("28E6) in font ec-lmtt10!
Missing character: There is no ⡀ ("2840) in font ec-lmtt10!
Missing character: There is no ⠘ ("2818) in font ec-lmtt10!
Missing character: There is no ⠢ ("2822) in font ec-lmtt10!
Missing character: There is no ⡀ ("2840) in font ec-lmtt10!
Missing character: There is no ⠀ ("2800) in font ec-lmtt10!
Missing character: There is no ⠀ ("2800) in font ec-lmtt10!
Missing character: There is no ⠀ ("2800) in font ec-lmtt10!
Missing character: There is no ⠀ ("2800) in font ec-lmtt10!
Missing character: There is no ⠀ ("2800) in font ec-lmtt10!
Missing character: There is no ⠀ ("2800) in font ec-lmtt10!
Missing character: There is no ⠀ ("2800) in font ec-lmtt10!
Missing character: There is no ⠀ ("2800) in font ec-lmtt10!
Missing character: There is no ⠀ ("2800) in font ec-lmtt10!
Missing character: There is no ⠀ ("2800) in font ec-lmtt10!
Missing character: There is no ⠀ ("2800) in font ec-lmtt10!
Missing character: There is no ⠀ ("2800) in font ec-lmtt10!
Missing character: There is no ⠀ ("2800) in font ec-lmtt10!
Missing character: There is no ⠀ ("2800) in font ec-lmtt10!
Missing character: There is no │ ("2502) in font ec-lmtt10!
Missing character: There is no │ ("2502) in font ec-lmtt10!
Missing character: There is no ⠀ ("2800) in font ec-lmtt10!
Missing character: There is no ⠀ ("2800) in font ec-lmtt10!
Missing character: There is no ⠀ ("2800) in font ec-lmtt10!
Missing character: There is no ⠀ ("2800) in font ec-lmtt10!
Missing character: There is no ⠀ ("2800) in font ec-lmtt10!
Missing character: There is no ⠀ ("2800) in font ec-lmtt10!
Missing character: There is no ⠀ ("2800) in font ec-lmtt10!
Missing character: There is no ⠀ ("2800) in font ec-lmtt10!
Missing character: There is no ⠈ ("2808) in font ec-lmtt10!
Missing character: There is no ⠱ ("2831) in font ec-lmtt10!
Missing character: There is no ⣀ ("28C0) in font ec-lmtt10!
Missing character: There is no ⠈ ("2808) in font ec-lmtt10!
Missing character: There is no ⠛ ("281B) in font ec-lmtt10!
Missing character: There is no ⣤ ("28E4) in font ec-lmtt10!
Missing character: There is no ⡀ ("2840) in font ec-lmtt10!
Missing character: There is no ⠉ ("2809) in font ec-lmtt10!
Missing character: There is no ⢆ ("2886) in font ec-lmtt10!
Missing character: There is no ⡀ ("2840) in font ec-lmtt10!
Missing character: There is no ⠀ ("2800) in font ec-lmtt10!
Missing character: There is no ⠀ ("2800) in font ec-lmtt10!
Missing character: There is no ⠀ ("2800) in font ec-lmtt10!
Missing character: There is no ⠀ ("2800) in font ec-lmtt10!
Missing character: There is no ⠀ ("2800) in font ec-lmtt10!
Missing character: There is no ⠀ ("2800) in font ec-lmtt10!
Missing character: There is no ⠀ ("2800) in font ec-lmtt10!
Missing character: There is no ⠀ ("2800) in font ec-lmtt10!
Missing character: There is no ⠀ ("2800) in font ec-lmtt10!
Missing character: There is no ⠀ ("2800) in font ec-lmtt10!
Missing character: There is no ⠀ ("2800) in font ec-lmtt10!
Missing character: There is no ⠀ ("2800) in font ec-lmtt10!
Missing character: There is no │ ("2502) in font ec-lmtt10!
Missing character: There is no │ ("2502) in font ec-lmtt10!
Missing character: There is no ⠀ ("2800) in font ec-lmtt10!
Missing character: There is no ⠀ ("2800) in font ec-lmtt10!
Missing character: There is no ⠀ ("2800) in font ec-lmtt10!
Missing character: There is no ⠀ ("2800) in font ec-lmtt10!
Missing character: There is no ⠀ ("2800) in font ec-lmtt10!
Missing character: There is no ⠀ ("2800) in font ec-lmtt10!
Missing character: There is no ⠀ ("2800) in font ec-lmtt10!
Missing character: There is no ⠀ ("2800) in font ec-lmtt10!
Missing character: There is no ⠀ ("2800) in font ec-lmtt10!
Missing character: There is no ⠀ ("2800) in font ec-lmtt10!
Missing character: There is no ⠈ ("2808) in font ec-lmtt10!
Missing character: There is no ⠢ ("2822) in font ec-lmtt10!
Missing character: There is no ⡄ ("2844) in font ec-lmtt10!
Missing character: There is no ⠈ ("2808) in font ec-lmtt10!
Missing character: There is no ⠻ ("283B) in font ec-lmtt10!
Missing character: There is no ⣦ ("28E6) in font ec-lmtt10!
Missing character: There is no ⡀ ("2840) in font ec-lmtt10!
Missing character: There is no ⠘ ("2818) in font ec-lmtt10!
Missing character: There is no ⠤ ("2824) in font ec-lmtt10!
Missing character: There is no ⡀ ("2840) in font ec-lmtt10!
Missing character: There is no ⠀ ("2800) in font ec-lmtt10!
Missing character: There is no ⠀ ("2800) in font ec-lmtt10!
Missing character: There is no ⠀ ("2800) in font ec-lmtt10!
Missing character: There is no ⠀ ("2800) in font ec-lmtt10!
Missing character: There is no ⠀ ("2800) in font ec-lmtt10!
Missing character: There is no ⠀ ("2800) in font ec-lmtt10!
Missing character: There is no ⠀ ("2800) in font ec-lmtt10!
Missing character: There is no ⠀ ("2800) in font ec-lmtt10!
Missing character: There is no ⠀ ("2800) in font ec-lmtt10!
Missing character: There is no ⠀ ("2800) in font ec-lmtt10!
Missing character: There is no │ ("2502) in font ec-lmtt10!
Missing character: There is no │ ("2502) in font ec-lmtt10!
Missing character: There is no ⠀ ("2800) in font ec-lmtt10!
Missing character: There is no ⠀ ("2800) in font ec-lmtt10!
Missing character: There is no ⠀ ("2800) in font ec-lmtt10!
Missing character: There is no ⠀ ("2800) in font ec-lmtt10!
Missing character: There is no ⠀ ("2800) in font ec-lmtt10!
Missing character: There is no ⠀ ("2800) in font ec-lmtt10!
Missing character: There is no ⠀ ("2800) in font ec-lmtt10!
Missing character: There is no ⠀ ("2800) in font ec-lmtt10!
Missing character: There is no ⠀ ("2800) in font ec-lmtt10!
Missing character: There is no ⠀ ("2800) in font ec-lmtt10!
Missing character: There is no ⠀ ("2800) in font ec-lmtt10!
Missing character: There is no ⠀ ("2800) in font ec-lmtt10!
Missing character: There is no ⠈ ("2808) in font ec-lmtt10!
Missing character: There is no ⠱ ("2831) in font ec-lmtt10!
Missing character: There is no ⣀ ("28C0) in font ec-lmtt10!
Missing character: There is no ⠈ ("2808) in font ec-lmtt10!
Missing character: There is no ⠻ ("283B) in font ec-lmtt10!
Missing character: There is no ⣦ ("28E6) in font ec-lmtt10!
Missing character: There is no ⡀ ("2840) in font ec-lmtt10!
Missing character: There is no ⠉ ("2809) in font ec-lmtt10!
Missing character: There is no ⢆ ("2886) in font ec-lmtt10!
Missing character: There is no ⡀ ("2840) in font ec-lmtt10!
Missing character: There is no ⠀ ("2800) in font ec-lmtt10!
Missing character: There is no ⠀ ("2800) in font ec-lmtt10!
Missing character: There is no ⠀ ("2800) in font ec-lmtt10!
Missing character: There is no ⠀ ("2800) in font ec-lmtt10!
Missing character: There is no ⠀ ("2800) in font ec-lmtt10!
Missing character: There is no ⠀ ("2800) in font ec-lmtt10!
Missing character: There is no ⠀ ("2800) in font ec-lmtt10!
Missing character: There is no ⠀ ("2800) in font ec-lmtt10!
Missing character: There is no │ ("2502) in font ec-lmtt10!
Missing character: There is no │ ("2502) in font ec-lmtt10!
Missing character: There is no ⠀ ("2800) in font ec-lmtt10!
Missing character: There is no ⠀ ("2800) in font ec-lmtt10!
Missing character: There is no ⠀ ("2800) in font ec-lmtt10!
Missing character: There is no ⠀ ("2800) in font ec-lmtt10!
Missing character: There is no ⠀ ("2800) in font ec-lmtt10!
Missing character: There is no ⠀ ("2800) in font ec-lmtt10!
Missing character: There is no ⠀ ("2800) in font ec-lmtt10!
Missing character: There is no ⠀ ("2800) in font ec-lmtt10!
Missing character: There is no ⠀ ("2800) in font ec-lmtt10!
Missing character: There is no ⠀ ("2800) in font ec-lmtt10!
Missing character: There is no ⠀ ("2800) in font ec-lmtt10!
Missing character: There is no ⠀ ("2800) in font ec-lmtt10!
Missing character: There is no ⠀ ("2800) in font ec-lmtt10!
Missing character: There is no ⠀ ("2800) in font ec-lmtt10!
Missing character: There is no ⠀ ("2800) in font ec-lmtt10!
Missing character: There is no ⠣ ("2823) in font ec-lmtt10!
Missing character: There is no ⡄ ("2844) in font ec-lmtt10!
Missing character: There is no ⠈ ("2808) in font ec-lmtt10!
Missing character: There is no ⠻ ("283B) in font ec-lmtt10!
Missing character: There is no ⢆ ("2886) in font ec-lmtt10!
Missing character: There is no ⡀ ("2840) in font ec-lmtt10!
Missing character: There is no ⠘ ("2818) in font ec-lmtt10!
Missing character: There is no ⠤ ("2824) in font ec-lmtt10!
Missing character: There is no ⡀ ("2840) in font ec-lmtt10!
Missing character: There is no ⠀ ("2800) in font ec-lmtt10!
Missing character: There is no ⠀ ("2800) in font ec-lmtt10!
Missing character: There is no ⠀ ("2800) in font ec-lmtt10!
Missing character: There is no ⠀ ("2800) in font ec-lmtt10!
Missing character: There is no ⠀ ("2800) in font ec-lmtt10!
Missing character: There is no ⠀ ("2800) in font ec-lmtt10!
Missing character: There is no │ ("2502) in font ec-lmtt10!
Missing character: There is no │ ("2502) in font ec-lmtt10!
Missing character: There is no ⠀ ("2800) in font ec-lmtt10!
Missing character: There is no ⠀ ("2800) in font ec-lmtt10!
Missing character: There is no ⠀ ("2800) in font ec-lmtt10!
Missing character: There is no ⠀ ("2800) in font ec-lmtt10!
Missing character: There is no ⠀ ("2800) in font ec-lmtt10!
Missing character: There is no ⠀ ("2800) in font ec-lmtt10!
Missing character: There is no ⠀ ("2800) in font ec-lmtt10!
Missing character: There is no ⠀ ("2800) in font ec-lmtt10!
Missing character: There is no ⠀ ("2800) in font ec-lmtt10!
Missing character: There is no ⠀ ("2800) in font ec-lmtt10!
Missing character: There is no ⠀ ("2800) in font ec-lmtt10!
Missing character: There is no ⠀ ("2800) in font ec-lmtt10!
Missing character: There is no ⠀ ("2800) in font ec-lmtt10!
Missing character: There is no ⠀ ("2800) in font ec-lmtt10!
Missing character: There is no ⠀ ("2800) in font ec-lmtt10!
Missing character: There is no ⠀ ("2800) in font ec-lmtt10!
Missing character: There is no ⠈ ("2808) in font ec-lmtt10!
Missing character: There is no ⠱ ("2831) in font ec-lmtt10!
Missing character: There is no ⣀ ("28C0) in font ec-lmtt10!
Missing character: There is no ⠈ ("2808) in font ec-lmtt10!
Missing character: There is no ⠻ ("283B) in font ec-lmtt10!
Missing character: There is no ⣦ ("28E6) in font ec-lmtt10!
Missing character: There is no ⡀ ("2840) in font ec-lmtt10!
Missing character: There is no ⠉ ("2809) in font ec-lmtt10!
Missing character: There is no ⢢ ("28A2) in font ec-lmtt10!
Missing character: There is no ⡀ ("2840) in font ec-lmtt10!
Missing character: There is no ⠀ ("2800) in font ec-lmtt10!
Missing character: There is no ⠀ ("2800) in font ec-lmtt10!
Missing character: There is no ⠀ ("2800) in font ec-lmtt10!
Missing character: There is no ⠀ ("2800) in font ec-lmtt10!
Missing character: There is no │ ("2502) in font ec-lmtt10!
Missing character: There is no │ ("2502) in font ec-lmtt10!
Missing character: There is no ⠀ ("2800) in font ec-lmtt10!
Missing character: There is no ⠀ ("2800) in font ec-lmtt10!
Missing character: There is no ⠀ ("2800) in font ec-lmtt10!
Missing character: There is no ⠀ ("2800) in font ec-lmtt10!
Missing character: There is no ⠀ ("2800) in font ec-lmtt10!
Missing character: There is no ⠀ ("2800) in font ec-lmtt10!
Missing character: There is no ⠀ ("2800) in font ec-lmtt10!
Missing character: There is no ⠀ ("2800) in font ec-lmtt10!
Missing character: There is no ⠀ ("2800) in font ec-lmtt10!
Missing character: There is no ⠀ ("2800) in font ec-lmtt10!
Missing character: There is no ⠀ ("2800) in font ec-lmtt10!
Missing character: There is no ⠀ ("2800) in font ec-lmtt10!
Missing character: There is no ⠀ ("2800) in font ec-lmtt10!
Missing character: There is no ⠀ ("2800) in font ec-lmtt10!
Missing character: There is no ⠀ ("2800) in font ec-lmtt10!
Missing character: There is no ⠀ ("2800) in font ec-lmtt10!
Missing character: There is no ⠀ ("2800) in font ec-lmtt10!
Missing character: There is no ⠀ ("2800) in font ec-lmtt10!
Missing character: There is no ⠀ ("2800) in font ec-lmtt10!
Missing character: There is no ⠣ ("2823) in font ec-lmtt10!
Missing character: There is no ⡄ ("2844) in font ec-lmtt10!
Missing character: There is no ⠈ ("2808) in font ec-lmtt10!
Missing character: There is no ⠛ ("281B) in font ec-lmtt10!
Missing character: There is no ⣤ ("28E4) in font ec-lmtt10!
Missing character: There is no ⡀ ("2840) in font ec-lmtt10!
Missing character: There is no ⠘ ("2818) in font ec-lmtt10!
Missing character: There is no ⠤ ("2824) in font ec-lmtt10!
Missing character: There is no ⡀ ("2840) in font ec-lmtt10!
Missing character: There is no ⠀ ("2800) in font ec-lmtt10!
Missing character: There is no ⠀ ("2800) in font ec-lmtt10!
Missing character: There is no │ ("2502) in font ec-lmtt10!
Missing character: There is no │ ("2502) in font ec-lmtt10!
Missing character: There is no ⠀ ("2800) in font ec-lmtt10!
Missing character: There is no ⠀ ("2800) in font ec-lmtt10!
Missing character: There is no ⠀ ("2800) in font ec-lmtt10!
Missing character: There is no ⠀ ("2800) in font ec-lmtt10!
Missing character: There is no ⠀ ("2800) in font ec-lmtt10!
Missing character: There is no ⠀ ("2800) in font ec-lmtt10!
Missing character: There is no ⠀ ("2800) in font ec-lmtt10!
Missing character: There is no ⠀ ("2800) in font ec-lmtt10!
Missing character: There is no ⠀ ("2800) in font ec-lmtt10!
Missing character: There is no ⠀ ("2800) in font ec-lmtt10!
Missing character: There is no ⠀ ("2800) in font ec-lmtt10!
Missing character: There is no ⠀ ("2800) in font ec-lmtt10!
Missing character: There is no ⠀ ("2800) in font ec-lmtt10!
Missing character: There is no ⠀ ("2800) in font ec-lmtt10!
Missing character: There is no ⠀ ("2800) in font ec-lmtt10!
Missing character: There is no ⠀ ("2800) in font ec-lmtt10!
Missing character: There is no ⠀ ("2800) in font ec-lmtt10!
Missing character: There is no ⠀ ("2800) in font ec-lmtt10!
Missing character: There is no ⠀ ("2800) in font ec-lmtt10!
Missing character: There is no ⠀ ("2800) in font ec-lmtt10!
Missing character: There is no ⠈ ("2808) in font ec-lmtt10!
Missing character: There is no ⠲ ("2832) in font ec-lmtt10!
Missing character: There is no ⣀ ("28C0) in font ec-lmtt10!
Missing character: There is no ⠈ ("2808) in font ec-lmtt10!
Missing character: There is no ⠻ ("283B) in font ec-lmtt10!
Missing character: There is no ⣦ ("28E6) in font ec-lmtt10!
Missing character: There is no ⠀ ("2800) in font ec-lmtt10!
Missing character: There is no ⠑ ("2811) in font ec-lmtt10!
Missing character: There is no ⢢ ("28A2) in font ec-lmtt10!
Missing character: There is no ⡀ ("2840) in font ec-lmtt10!
Missing character: There is no │ ("2502) in font ec-lmtt10!
Missing character: There is no │ ("2502) in font ec-lmtt10!
Missing character: There is no ⠀ ("2800) in font ec-lmtt10!
Missing character: There is no ⠀ ("2800) in font ec-lmtt10!
Missing character: There is no ⠀ ("2800) in font ec-lmtt10!
Missing character: There is no ⠀ ("2800) in font ec-lmtt10!
Missing character: There is no ⠀ ("2800) in font ec-lmtt10!
Missing character: There is no ⠀ ("2800) in font ec-lmtt10!
Missing character: There is no ⠀ ("2800) in font ec-lmtt10!
Missing character: There is no ⠀ ("2800) in font ec-lmtt10!
Missing character: There is no ⠀ ("2800) in font ec-lmtt10!
Missing character: There is no ⠀ ("2800) in font ec-lmtt10!
Missing character: There is no ⠀ ("2800) in font ec-lmtt10!
Missing character: There is no ⠀ ("2800) in font ec-lmtt10!
Missing character: There is no ⠀ ("2800) in font ec-lmtt10!
Missing character: There is no ⠀ ("2800) in font ec-lmtt10!
Missing character: There is no ⠀ ("2800) in font ec-lmtt10!
Missing character: There is no ⠀ ("2800) in font ec-lmtt10!
Missing character: There is no ⠀ ("2800) in font ec-lmtt10!
Missing character: There is no ⠀ ("2800) in font ec-lmtt10!
Missing character: There is no ⠀ ("2800) in font ec-lmtt10!
Missing character: There is no ⠀ ("2800) in font ec-lmtt10!
Missing character: There is no ⠀ ("2800) in font ec-lmtt10!
Missing character: There is no ⠀ ("2800) in font ec-lmtt10!
Missing character: There is no ⠀ ("2800) in font ec-lmtt10!
Missing character: There is no ⠣ ("2823) in font ec-lmtt10!
Missing character: There is no ⢄ ("2884) in font ec-lmtt10!
Missing character: There is no ⠀ ("2800) in font ec-lmtt10!
Missing character: There is no ⠻ ("283B) in font ec-lmtt10!
Missing character: There is no ⣦ ("28E6) in font ec-lmtt10!
Missing character: There is no ⡀ ("2840) in font ec-lmtt10!
Missing character: There is no ⠀ ("2800) in font ec-lmtt10!
Missing character: There is no │ ("2502) in font ec-lmtt10!
Missing character: There is no │ ("2502) in font ec-lmtt10!
Missing character: There is no ⠀ ("2800) in font ec-lmtt10!
Missing character: There is no ⠀ ("2800) in font ec-lmtt10!
Missing character: There is no ⠀ ("2800) in font ec-lmtt10!
Missing character: There is no ⠀ ("2800) in font ec-lmtt10!
Missing character: There is no ⠀ ("2800) in font ec-lmtt10!
Missing character: There is no ⠀ ("2800) in font ec-lmtt10!
Missing character: There is no ⠀ ("2800) in font ec-lmtt10!
Missing character: There is no ⠀ ("2800) in font ec-lmtt10!
Missing character: There is no ⠀ ("2800) in font ec-lmtt10!
Missing character: There is no ⠀ ("2800) in font ec-lmtt10!
Missing character: There is no ⠀ ("2800) in font ec-lmtt10!
Missing character: There is no ⠀ ("2800) in font ec-lmtt10!
Missing character: There is no ⠀ ("2800) in font ec-lmtt10!
Missing character: There is no ⠀ ("2800) in font ec-lmtt10!
Missing character: There is no ⠀ ("2800) in font ec-lmtt10!
Missing character: There is no ⠀ ("2800) in font ec-lmtt10!
Missing character: There is no ⠀ ("2800) in font ec-lmtt10!
Missing character: There is no ⠀ ("2800) in font ec-lmtt10!
Missing character: There is no ⠀ ("2800) in font ec-lmtt10!
Missing character: There is no ⠀ ("2800) in font ec-lmtt10!
Missing character: There is no ⠀ ("2800) in font ec-lmtt10!
Missing character: There is no ⠀ ("2800) in font ec-lmtt10!
Missing character: There is no ⠀ ("2800) in font ec-lmtt10!
Missing character: There is no ⠀ ("2800) in font ec-lmtt10!
Missing character: There is no ⠈ ("2808) in font ec-lmtt10!
Missing character: There is no ⠲ ("2832) in font ec-lmtt10!
Missing character: There is no ⠀ ("2800) in font ec-lmtt10!
Missing character: There is no ⠈ ("2808) in font ec-lmtt10!
Missing character: There is no ⠻ ("283B) in font ec-lmtt10!
Missing character: There is no ⠆ ("2806) in font ec-lmtt10!
Missing character: There is no │ ("2502) in font ec-lmtt10!
Missing character: There is no └ ("2514) in font ec-lmtt10!
Missing character: There is no ─ ("2500) in font ec-lmtt10!
Missing character: There is no ─ ("2500) in font ec-lmtt10!
Missing character: There is no ─ ("2500) in font ec-lmtt10!
Missing character: There is no ─ ("2500) in font ec-lmtt10!
Missing character: There is no ─ ("2500) in font ec-lmtt10!
Missing character: There is no ─ ("2500) in font ec-lmtt10!
Missing character: There is no ─ ("2500) in font ec-lmtt10!
Missing character: There is no ─ ("2500) in font ec-lmtt10!
Missing character: There is no ─ ("2500) in font ec-lmtt10!
Missing character: There is no ─ ("2500) in font ec-lmtt10!
Missing character: There is no ─ ("2500) in font ec-lmtt10!
Missing character: There is no ─ ("2500) in font ec-lmtt10!
Missing character: There is no ─ ("2500) in font ec-lmtt10!
Missing character: There is no ─ ("2500) in font ec-lmtt10!
Missing character: There is no ─ ("2500) in font ec-lmtt10!
Missing character: There is no ─ ("2500) in font ec-lmtt10!
Missing character: There is no ─ ("2500) in font ec-lmtt10!
Missing character: There is no ─ ("2500) in font ec-lmtt10!
Missing character: There is no ─ ("2500) in font ec-lmtt10!
Missing character: There is no ─ ("2500) in font ec-lmtt10!
Missing character: There is no ─ ("2500) in font ec-lmtt10!
Missing character: There is no ─ ("2500) in font ec-lmtt10!
Missing character: There is no ─ ("2500) in font ec-lmtt10!
Missing character: There is no ─ ("2500) in font ec-lmtt10!
Missing character: There is no ─ ("2500) in font ec-lmtt10!
Missing character: There is no ─ ("2500) in font ec-lmtt10!
Missing character: There is no ─ ("2500) in font ec-lmtt10!
Missing character: There is no ─ ("2500) in font ec-lmtt10!
Missing character: There is no ─ ("2500) in font ec-lmtt10!
Missing character: There is no ─ ("2500) in font ec-lmtt10!
Missing character: There is no ┘ ("2518) in font ec-lmtt10!
Missing character: There is no ⠀ ("2800) in font ec-lmtt10!
Missing character: There is no ⠀ ("2800) in font ec-lmtt10!
Missing character: There is no ⠀ ("2800) in font ec-lmtt10!
Missing character: There is no ⠀ ("2800) in font ec-lmtt10!
Missing character: There is no ⠀ ("2800) in font ec-lmtt10!
Missing character: There is no ⠀ ("2800) in font ec-lmtt10!
Missing character: There is no ⠀ ("2800) in font ec-lmtt10!
Missing character: There is no ⠀ ("2800) in font ec-lmtt10!
Missing character: There is no ⠀ ("2800) in font ec-lmtt10!
Missing character: There is no ⠀ ("2800) in font ec-lmtt10!
Missing character: There is no ⠀ ("2800) in font ec-lmtt10!
Missing character: There is no ⠀ ("2800) in font ec-lmtt10!
Missing character: There is no ⠀ ("2800) in font ec-lmtt10!
Missing character: There is no ⠀ ("2800) in font ec-lmtt10!
Missing character: There is no ⠀ ("2800) in font ec-lmtt10!
Missing character: There is no ⠀ ("2800) in font ec-lmtt10!
Missing character: There is no ⠀ ("2800) in font ec-lmtt10!
Missing character: There is no ⠀ ("2800) in font ec-lmtt10!
Missing character: There is no ⠀ ("2800) in font ec-lmtt10!
Missing character: There is no ⠀ ("2800) in font ec-lmtt10!
Missing character: There is no ⠀ ("2800) in font ec-lmtt10!
Missing character: There is no ⠀ ("2800) in font ec-lmtt10!
Missing character: There is no ⠀ ("2800) in font ec-lmtt10!
Missing character: There is no ⠀ ("2800) in font ec-lmtt10!
Missing character: There is no ⠀ ("2800) in font ec-lmtt10!
Missing character: There is no ⠀ ("2800) in font ec-lmtt10!
Missing character: There is no ⠀ ("2800) in font ec-lmtt10!
Missing character: There is no ⠀ ("2800) in font ec-lmtt10!
Missing character: There is no ⠀ ("2800) in font ec-lmtt10!
Missing character: There is no ⠀ ("2800) in font ec-lmtt10!
Missing character: There is no ⠀ ("2800) in font ec-lmtt10!
Missing character: There is no ⠀ ("2800) in font ec-lmtt10!
Missing character: There is no ⠀ ("2800) in font ec-lmtt10!
Missing character: There is no ⠀ ("2800) in font ec-lmtt10!
Missing character: There is no ⠀ ("2800) in font ec-lmtt10!
Missing character: There is no ⠀ ("2800) in font ec-lmtt10!
Missing character: There is no ⠀ ("2800) in font ec-lmtt10!
Missing character: There is no ⠀ ("2800) in font ec-lmtt10!
Missing character: There is no ⠀ ("2800) in font ec-lmtt10!
Missing character: There is no ⠀ ("2800) in font ec-lmtt10!
Missing character: There is no ⠀ ("2800) in font ec-lmtt10!
Missing character: There is no ⠀ ("2800) in font ec-lmtt10!
Missing character: There is no ⠀ ("2800) in font ec-lmtt10!
Missing character: There is no ⠀ ("2800) in font ec-lmtt10!
Missing character: There is no ⠀ ("2800) in font ec-lmtt10!
Missing character: There is no ⠀ ("2800) in font ec-lmtt10!
Missing character: There is no ⠀ ("2800) in font ec-lmtt10!
Missing character: There is no ⠀ ("2800) in font ec-lmtt10!
Missing character: There is no ⠀ ("2800) in font ec-lmtt10!
Missing character: There is no ⠀ ("2800) in font ec-lmtt10!
Missing character: There is no ⠀ ("2800) in font ec-lmtt10!
Missing character: There is no ⠀ ("2800) in font ec-lmtt10!
Missing character: There is no ⠀ ("2800) in font ec-lmtt10!
Missing character: There is no ⠀ ("2800) in font ec-lmtt10!


[55]
File: files/36b1872a88adec1e94eef00dbcd93d62.png Graphic file (type bmp)
<files/36b1872a88adec1e94eef00dbcd93d62.png>
)

[56]
\openout2 = `komputasi_fisika-materi.pers-schrodinger-by-finite-diff-julia.aux'
.

(./komputasi_fisika-materi.pers-schrodinger-by-finite-diff-julia.tex

[57



]

[58]

[59]
Overfull \hbox (3.35521pt too wide) detected at line 278
[][][][] [] \OT1/lmr/m/n/10.95 = []
 []



[60]

[61]
File: files/06c22cf6799381b529bb32f27b996757.png Graphic file (type bmp)
<files/06c22cf6799381b529bb32f27b996757.png>


[62]
File: files/7930415e461036b0388d54bc5ca8900c.png Graphic file (type bmp)
<files/7930415e461036b0388d54bc5ca8900c.png>


[63]
Overfull \hbox (10.69421pt too wide) in paragraph at lines 507--507
[]        \T1/lmtt/m/n/10.95 f1f2 = fung_gamma(epsilon1, dr, gamma, N) * fung_g
amma(epsilonm, dr, gamma, N)[] 
 []



[64]

[65]
File: files/ede7c90d14266b075810d70077ba7bca.png Graphic file (type bmp)
<files/ede7c90d14266b075810d70077ba7bca.png>
File: files/bed48c19b6708a96d5f45df56b654a56.png Graphic file (type bmp)
<files/bed48c19b6708a96d5f45df56b654a56.png>


[66]
File: files/8c8e291dcb5506da954de773262df40f.png Graphic file (type bmp)
<files/8c8e291dcb5506da954de773262df40f.png>


[67]
Overfull \hbox (22.19168pt too wide) in paragraph at lines 715--715
[]        \T1/lmtt/m/n/10.95 f1f2 = fung_gamma1(epsilon1, dr, gamma, N) * fung_
gamma1(epsilonm, dr, gamma, N)[] 
 []



[68]

[69]
File: files/259f29e1d07e227ecfd39e663468ec94.png Graphic file (type bmp)
<files/259f29e1d07e227ecfd39e663468ec94.png>
File: files/e58b03cf5de5dd3c8381378b70cfb806.png Graphic file (type bmp)
<files/e58b03cf5de5dd3c8381378b70cfb806.png>


[70]
File: files/944803ce8bf4e52adc6d6764dd24ffbf.png Graphic file (type bmp)
<files/944803ce8bf4e52adc6d6764dd24ffbf.png>


[71]

[72]

[73]

[74]

[75]
File: files/ee1633a9444b2f677b4d7360f276132c.png Graphic file (type bmp)
<files/ee1633a9444b2f677b4d7360f276132c.png>

Overfull \hbox (36.85768pt too wide) detected at line 1167
[][][][]\OT1/lmr/m/n/10.95 (\OML/lmm/m/it/10.95 A \OMS/lmsy/m/n/10.95 ^^@ \OML/
lmm/m/it/10.95 ^^UI\OT1/lmr/m/n/10.95 ) = [] = [] = \OML/lmm/m/it/10.95 u[]u[] 
[] u[] \OT1/lmr/m/n/10.95 = 0
 []



[76]
Overfull \hbox (102.67395pt too wide) in paragraph at lines 1243--1243
[]    \T1/lmtt/m/n/10.95 U_new = U[1:(N -1),1:(N -1)] #Mengambil submatrik dari
 U dengan menghilangkan baris dan kolom ke N[] 
 []


Overfull \hbox (137.16635pt too wide) in paragraph at lines 1243--1243
[]    \T1/lmtt/m/n/10.95 x_norm = C * push!(x_new,1.0) #Menambahkan unsur x[N]=
1.0 ke matrik kolom x yang sebelumnya berorde N -1[] 
 []

File: files/541ffe457f7145779c4e354824e89bb4.png Graphic file (type bmp)
<files/541ffe457f7145779c4e354824e89bb4.png>
)

[77]

[78]
\openout2 = `komputasi_fisika-materi.gerak-bandul-by-evaluasi-fungsi-julia.aux'
.

(./komputasi_fisika-materi.gerak-bandul-by-evaluasi-fungsi-julia.tex

[79



]

[80]

[81]

[82]

[83]
File: files/8379bf0dc08fe391bca78c363388777f.png Graphic file (type bmp)
<files/8379bf0dc08fe391bca78c363388777f.png>
)

[84]
\openout2 = `komputasi_fisika-materi.penyelesaian-pers-diffusi-julia.aux'.

(./komputasi_fisika-materi.penyelesaian-pers-diffusi-julia.tex

./komputasi_fisika-materi.penyelesaian-pers-diffusi-julia.tex:14: LaTeX Error: 
Something's wrong--perhaps a missing \item.

See the LaTeX manual or LaTeX Companion for explanation.
Type  H <return>  for immediate help.
 ...                                              
                                                  
l.14 \begin{quote}
                  
Try typing  <return>  to proceed.
If that doesn't work, type  X <return>  to quit.


./komputasi_fisika-materi.penyelesaian-pers-diffusi-julia.tex:24: LaTeX Error: 
Something's wrong--perhaps a missing \item.

See the LaTeX manual or LaTeX Companion for explanation.
Type  H <return>  for immediate help.
 ...                                              
                                                  
l.24 \begin{quote}
                  
Try typing  <return>  to proceed.
If that doesn't work, type  X <return>  to quit.


./komputasi_fisika-materi.penyelesaian-pers-diffusi-julia.tex:38: LaTeX Error: 
Something's wrong--perhaps a missing \item.

See the LaTeX manual or LaTeX Companion for explanation.
Type  H <return>  for immediate help.
 ...                                              
                                                  
l.38 \begin{quote}
                  
Try typing  <return>  to proceed.
If that doesn't work, type  X <return>  to quit.


./komputasi_fisika-materi.penyelesaian-pers-diffusi-julia.tex:48: LaTeX Error: 
Something's wrong--perhaps a missing \item.

See the LaTeX manual or LaTeX Companion for explanation.
Type  H <return>  for immediate help.
 ...                                              
                                                  
l.48 \begin{quote}
                  
Try typing  <return>  to proceed.
If that doesn't work, type  X <return>  to quit.


./komputasi_fisika-materi.penyelesaian-pers-diffusi-julia.tex:62: LaTeX Error: 
Something's wrong--perhaps a missing \item.

See the LaTeX manual or LaTeX Companion for explanation.
Type  H <return>  for immediate help.
 ...                                              
                                                  
l.62 \begin{quote}
                  
Try typing  <return>  to proceed.
If that doesn't work, type  X <return>  to quit.



[85



]

[86]

[87]

[88]

[89]
File: files/732420ae9b0a06ccfcddca1d0ef4dc6a.png Graphic file (type bmp)
<files/732420ae9b0a06ccfcddca1d0ef4dc6a.png>


[90]
File: files/5785cae72803bd6b3365a9b9b4e01dc4.png Graphic file (type bmp)
<files/5785cae72803bd6b3365a9b9b4e01dc4.png>
File: files/732420ae9b0a06ccfcddca1d0ef4dc6a.png Graphic file (type bmp)
<files/732420ae9b0a06ccfcddca1d0ef4dc6a.png>


[91]
File: files/1496421d939b9cdacbba3a34f835b086.png Graphic file (type bmp)
<files/1496421d939b9cdacbba3a34f835b086.png>


[92]
File: files/d52b7ad005f4453b963581294a05e867.png Graphic file (type bmp)
<files/d52b7ad005f4453b963581294a05e867.png>
File: files/b03c80748b9a6372b3556680c0c04569.png Graphic file (type bmp)
<files/b03c80748b9a6372b3556680c0c04569.png>


[93]
File: files/bcb169748c8e307d0f5776f314e94246.png Graphic file (type bmp)
<files/bcb169748c8e307d0f5776f314e94246.png>


[94]

[95]
File: files/a1c039870b9e6808b99db69fc14fd5d8.png Graphic file (type bmp)
<files/a1c039870b9e6808b99db69fc14fd5d8.png>


[96]

[97]

[98]

./komputasi_fisika-materi.penyelesaian-pers-diffusi-julia.tex:765: LaTeX Error:
 Something's wrong--perhaps a missing \item.

See the LaTeX manual or LaTeX Companion for explanation.
Type  H <return>  for immediate help.
 ...                                              
                                                  
l.765 \begin{quote}
                   
Try typing  <return>  to proceed.
If that doesn't work, type  X <return>  to quit.


./komputasi_fisika-materi.penyelesaian-pers-diffusi-julia.tex:778: LaTeX Error:
 Something's wrong--perhaps a missing \item.

See the LaTeX manual or LaTeX Companion for explanation.
Type  H <return>  for immediate help.
 ...                                              
                                                  
l.778 \begin{quote}
                   
Try typing  <return>  to proceed.
If that doesn't work, type  X <return>  to quit.


Overfull \hbox (209.7938pt too wide) in paragraph at lines 823--824
\T1/lmr/m/n/10.95 dahulu bagi ma-trik $\OML/lmm/m/it/10.95 A[]menjadipenjumlaha
nmatrik$\T1/lmr/m/n/10.95 A_3$\OML/lmm/m/it/10.95 dan$\T1/lmr/m/n/10.95 A_4$\OM
L/lmm/m/it/10.95 sepertidiatasadalahdalamupayaagarprosespencarianeksponensialma
trik$\T1/lmr/m/n/10.95 A_2$
 []



[99]

[100]

[101]
File: files/f9c541ca18529fc6a3e8cc360dd9db82.png Graphic file (type bmp)
<files/f9c541ca18529fc6a3e8cc360dd9db82.png>
File: files/8bf257df8467d05213d881df68dd3e80.png Graphic file (type bmp)
<files/8bf257df8467d05213d881df68dd3e80.png>


[102]
File: files/a58204d49c0a9e35fbc27f6343c04846.png Graphic file (type bmp)
<files/a58204d49c0a9e35fbc27f6343c04846.png>
File: files/a15c58e96abc0813f298b6057936d835.png Graphic file (type bmp)
<files/a15c58e96abc0813f298b6057936d835.png>
)

[103]

[104] (./komputasi_fisika.aux (./komputasi_fisika-materi.pengantar-julia.aux) (
./komputasi_fisika-materi.period-of-pendulum-by-proper-integration-julia.aux)
(./komputasi_fisika-materi.period-of-pendulum-by-improper-integration-julia.aux
) (./komputasi_fisika-materi.masalah-syarat-awal-julia.aux) (./komputasi_fisika
-materi.masalah-syarat-batas-julia.aux) (./komputasi_fisika-materi.pers-schrodi
nger-by-finite-diff-julia.aux) (./komputasi_fisika-materi.gerak-bandul-by-evalu
asi-fungsi-julia.aux) (./komputasi_fisika-materi.penyelesaian-pers-diffusi-juli
a.aux))
 ***********
LaTeX2e <2025-06-01> patch level 1
L3 programming layer <2025-09-02>
 ***********
Package rerunfilecheck Info: File `komputasi_fisika.out' has not changed.
(rerunfilecheck)             Checksum: B63B8DD74B184603822CE23727A92A45;13222.
 ) 
Here is how much of TeX's memory you used:
 13386 strings out of 468389
 231612 string characters out of 5440619
 657029 words of memory out of 5000000
 41626 multiletter control sequences out of 15000+600000
 705190 words of font info for 83 fonts, out of 8000000 for 9000
 1348 hyphenation exceptions out of 8191
 72i,23n,79p,1400b,517s stack positions out of 10000i,1000n,20000p,200000b,200000s

Output written on komputasi_fisika.xdv (107 pages, 439660 bytes).
