\BOOKMARK [1][-]{section.0.1}{\376\377\000T\000i\000n\000j\000a\000u\000a\000n\000\040\000R\000i\000n\000g\000k\000a\000s\000\040\000B\000a\000h\000a\000s\000a\000\040\000J\000u\000l\000i\000a}{}% 1
\BOOKMARK [2][-]{subsection.0.1.1}{\376\377\000D\000a\000s\000a\000r\000-\000d\000a\000s\000a\000r\000\040\000J\000u\000l\000i\000a}{section.0.1}% 2
\BOOKMARK [2][-]{subsection.0.1.2}{\376\377\000S\000i\000n\000t\000a\000k\000\040\000u\000n\000t\000u\000k\000\040\000K\000o\000m\000e\000n\000t\000a\000r}{section.0.1}% 3
\BOOKMARK [2][-]{subsection.0.1.3}{\376\377\000V\000a\000r\000i\000a\000b\000l\000e}{section.0.1}% 4
\BOOKMARK [2][-]{subsection.0.1.4}{\376\377\000B\000i\000l\000a\000n\000g\000a\000n\000\040\000B\000u\000l\000a\000t\000\040\000d\000a\000n\000\040\000P\000e\000c\000a\000h\000a\000n\000\040\000\050\000F\000l\000o\000a\000t\000i\000n\000g\000\040\000P\000o\000i\000n\000t\000\051}{section.0.1}% 5
\BOOKMARK [2][-]{subsection.0.1.5}{\376\377\000O\000p\000e\000r\000a\000s\000i\000\040\000M\000a\000t\000e\000m\000a\000t\000i\000k\000a\000\040\000d\000a\000n\000\040\000F\000u\000n\000g\000s\000i\000\040\000D\000a\000s\000a\000r}{section.0.1}% 6
\BOOKMARK [2][-]{subsection.0.1.6}{\376\377\000A\000r\000r\000a\000y}{section.0.1}% 7
\BOOKMARK [2][-]{subsection.0.1.7}{\376\377\000B\000l\000o\000k\000\040\000a\000t\000a\000u\000\040\000G\000a\000b\000u\000n\000g\000a\000n\000\040\000P\000e\000r\000i\000n\000t\000a\000h}{section.0.1}% 8
\BOOKMARK [2][-]{subsection.0.1.8}{\376\377\000F\000u\000n\000g\000s\000i\000\040\000d\000a\000l\000a\000m\000\040\000J\000u\000l\000i\000a}{section.0.1}% 9
\BOOKMARK [2][-]{subsection.0.1.9}{\376\377\000P\000r\000o\000s\000e\000s\000\040\000B\000e\000r\000s\000y\000a\000r\000a\000t\000\040\000\050\000C\000o\000n\000d\000i\000t\000i\000o\000n\000a\000l\000\051}{section.0.1}% 10
\BOOKMARK [2][-]{subsection.0.1.10}{\376\377\000P\000r\000o\000s\000e\000s\000\040\000B\000e\000r\000u\000l\000a\000n\000g\000\040\000\050\000L\000o\000o\000p\000i\000n\000g\000\051}{section.0.1}% 11
\BOOKMARK [2][-]{subsection.0.1.11}{\376\377\000P\000e\000n\000g\000g\000u\000n\000a\000a\000n\000\040\000M\000o\000d\000u\000l\000\040\000T\000a\000m\000b\000a\000h\000a\000n}{section.0.1}% 12
\BOOKMARK [2][-]{subsection.0.1.12}{\376\377\000P\000l\000o\000t\000:\000\040\000V\000i\000s\000u\000a\000l\000i\000s\000a\000s\000i\000\040\000D\000a\000t\000a}{section.0.1}% 13
\BOOKMARK [1][-]{section.0.2}{\376\377\000K\000a\000s\000u\000s\000\040\000F\000i\000s\000i\000k\000a\000\040\000N\000o\000n\000\040\000L\000i\000n\000e\000a\000r\000:\000\040\000O\000s\000i\000l\000a\000s\000i\000\040\000B\000a\000n\000d\000u\000l}{}% 14
\BOOKMARK [2][-]{subsection.0.2.1}{\376\377\000I\000m\000p\000l\000e\000m\000e\000n\000t\000a\000s\000i\000\040\000I\000n\000t\000e\000g\000r\000a\000s\000i\000\040\000N\000u\000m\000e\000r\000i\000k}{section.0.2}% 15
\BOOKMARK [2][-]{subsection.0.2.2}{\376\377\000P\000e\000r\000i\000o\000d\000e\000\040\000B\000a\000n\000d\000u\000l\000\040\000p\000a\000d\000a\000\040\000S\000e\000b\000a\000r\000a\000n\000g\000\040\000S\000i\000m\000p\000a\000n\000g\000a\000n\000\040\000\050\000T\000\051}{section.0.2}% 16
\BOOKMARK [2][-]{subsection.0.2.3}{\376\377\000P\000e\000m\000a\000n\000f\000a\000a\000t\000a\000n\000\040\000B\000e\000s\000a\000r\000a\000n\000\040\000F\000i\000s\000i\000s\000\040\000T\000a\000k\000\040\000B\000e\000r\000d\000i\000m\000e\000n\000s\000i}{section.0.2}% 17
\BOOKMARK [2][-]{subsection.0.2.4}{\376\377\000I\000n\000t\000e\000g\000r\000a\000s\000i\000\040\000N\000u\000m\000e\000r\000i\000k\000:\000\040\000M\000e\000t\000o\000d\000e\000\040\000S\000i\000m\000p\000s\000o\000n}{section.0.2}% 18
\BOOKMARK [2][-]{subsection.0.2.5}{\376\377\000A\000l\000g\000o\000r\000i\000t\000m\000a\000\040\000P\000e\000r\000h\000i\000t\000u\000n\000g\000a\000n\000\040\000P\000e\000r\000i\000o\000d\000e\000\040\000B\000a\000n\000d\000u\000l}{section.0.2}% 19
\BOOKMARK [2][-]{subsection.0.2.6}{\376\377\000I\000n\000t\000e\000g\000r\000a\000l\000\040\000E\000l\000l\000i\000p\000t\000i\000k\000\040\000\050\000E\000l\000l\000i\000p\000t\000i\000c\000\040\000I\000n\000t\000e\000g\000r\000a\000l\000\051}{section.0.2}% 20
\BOOKMARK [1][-]{section.0.3}{\376\377\000K\000a\000s\000u\000s\000\040\000F\000i\000s\000i\000k\000a\000\040\000N\000o\000n\000\040\000L\000i\000n\000e\000a\000r\000:\000\040\000O\000s\000i\000l\000a\000s\000i\000\040\000B\000a\000n\000d\000u\000l}{}% 21
\BOOKMARK [2][-]{subsection.0.3.1}{\376\377\000I\000m\000p\000l\000e\000m\000e\000n\000t\000a\000s\000i\000\040\000K\000u\000a\000d\000r\000a\000t\000u\000r\000e\000\040\000N\000u\000m\000e\000r\000i\000k}{section.0.3}% 22
\BOOKMARK [2][-]{subsection.0.3.2}{\376\377\000M\000e\000t\000o\000d\000e\000\040\000K\000u\000a\000d\000r\000a\000t\000u\000r\000\040\000N\000u\000m\000e\000r\000i\000k\000:\000\040\000G\000a\000u\000s\000s\000-\000L\000e\000g\000e\000n\000d\000r\000e}{section.0.3}% 23
\BOOKMARK [2][-]{subsection.0.3.3}{\376\377\000B\000e\000n\000t\000u\000k\000\040\000L\000a\000i\000n\000\040\000M\000e\000t\000o\000d\000e\000\040\000K\000u\000a\000d\000r\000a\000t\000u\000r\000\040\000N\000u\000m\000e\000r\000i\000k}{section.0.3}% 24
\BOOKMARK [2][-]{subsection.0.3.4}{\376\377\000I\000m\000p\000l\000e\000m\000e\000n\000t\000a\000s\000i\000\040\000B\000e\000n\000t\000u\000k\000\040\000K\000u\000a\000d\000r\000a\000t\000u\000r\000\040\000N\000u\000m\000e\000r\000i\000k\000\040\000l\000a\000i\000n\000n\000y\000a\000:\000\040\000G\000a\000u\000s\000s\000-\000C\000h\000e\000b\000y\000s\000h\000e\000v}{section.0.3}% 25
\BOOKMARK [1][-]{section.0.4}{\376\377\000P\000e\000n\000y\000e\000l\000e\000s\000a\000i\000a\000n\000\040\000P\000e\000r\000s\000a\000m\000a\000a\000n\000\040\000G\000e\000r\000a\000k\000\040\000B\000a\000n\000d\000u\000l}{}% 26
\BOOKMARK [2][-]{subsection.0.4.1}{\376\377\000M\000a\000s\000a\000l\000a\000h\000\040\000S\000y\000a\000r\000a\000t\000\040\000A\000w\000a\000l\000\040\000d\000e\000n\000g\000a\000n\000\040\000M\000e\000t\000o\000d\000e\000\040\000R\000u\000n\000g\000e\000-\000K\000u\000t\000t\000a}{section.0.4}% 27
\BOOKMARK [2][-]{subsection.0.4.2}{\376\377\000M\000e\000t\000o\000d\000e\000\040\000E\000u\000l\000e\000r\000\040\000u\000n\000t\000u\000k\000\040\000M\000a\000s\000a\000l\000a\000h\000\040\000S\000y\000a\000r\000a\000t\000\040\000A\000w\000a\000l}{section.0.4}% 28
\BOOKMARK [2][-]{subsection.0.4.3}{\376\377\000M\000e\000t\000o\000d\000e\000\040\000R\000u\000n\000g\000e\000-\000K\000u\000t\000t\000a}{section.0.4}% 29
\BOOKMARK [1][-]{section.0.5}{\376\377\000P\000e\000n\000y\000e\000l\000e\000s\000a\000i\000a\000n\000\040\000P\000e\000r\000s\000a\000m\000a\000a\000n\000\040\000P\000o\000i\000s\000s\000o\000n}{}% 30
\BOOKMARK [2][-]{subsection.0.5.1}{\376\377\000M\000a\000s\000a\000l\000a\000h\000\040\000S\000y\000a\000r\000a\000t\000\040\000B\000a\000t\000a\000s}{section.0.5}% 31
\BOOKMARK [2][-]{subsection.0.5.2}{\376\377\000P\000e\000n\000y\000e\000l\000e\000s\000a\000i\000a\000n\000\040\000d\000a\000l\000a\000m\000\040\000R\000u\000a\000n\000g\000\040\000S\000a\000t\000u\000\040\000D\000i\000m\000e\000n\000s\000i\000\040\000\050\0001\000-\000D\000\051}{section.0.5}% 32
\BOOKMARK [2][-]{subsection.0.5.3}{\376\377\000M\000e\000t\000o\000d\000e\000\040\000B\000e\000d\000a\000\040\000H\000i\000n\000g\000g\000a\000\040\000\050\000F\000i\000n\000i\000t\000e\000\040\000D\000i\000f\000f\000e\000r\000e\000n\000c\000e\000\051}{section.0.5}% 33
\BOOKMARK [2][-]{subsection.0.5.4}{\376\377\000D\000e\000k\000o\000m\000p\000o\000s\000i\000s\000i\000\040\000L\000U}{section.0.5}% 34
\BOOKMARK [2][-]{subsection.0.5.5}{\376\377\000M\000e\000t\000o\000d\000e\000\040\000I\000t\000e\000r\000a\000s\000i\000\040\000G\000a\000u\000s\000s\000-\000S\000e\000i\000d\000e\000l}{section.0.5}% 35
\BOOKMARK [2][-]{subsection.0.5.6}{\376\377\000P\000e\000n\000y\000e\000l\000e\000s\000a\000i\000a\000n\000\040\000d\000a\000l\000a\000m\000\040\000R\000u\000a\000n\000g\000\040\000D\000u\000a\000\040\000D\000i\000m\000e\000n\000s\000i\000\040\000\050\0002\000-\000D\000\051}{section.0.5}% 36
\BOOKMARK [1][-]{section.0.6}{\376\377\000P\000e\000n\000y\000e\000l\000e\000s\000a\000i\000a\000n\000\040\000P\000e\000r\000s\000a\000m\000a\000a\000n\000\040\000S\000c\000h\000r\000o\000d\000i\000n\000g\000e\000r}{}% 37
\BOOKMARK [2][-]{subsection.0.6.1}{\376\377\000I\000m\000p\000l\000e\000m\000e\000n\000t\000a\000s\000i\000\040\000M\000e\000t\000o\000d\000e\000\040\000B\000e\000d\000a\000\040\000H\000i\000n\000g\000g\000a\000\040\000\050\000F\000i\000n\000i\000t\000e\000\040\000D\000i\000f\000f\000e\000r\000e\000n\000c\000e\000\051}{section.0.6}% 38
\BOOKMARK [2][-]{subsection.0.6.2}{\376\377\000D\000i\000a\000g\000o\000n\000a\000l\000i\000s\000a\000s\000i\000\040\000M\000a\000t\000r\000i\000k\000:\000\040\000P\000e\000n\000y\000e\000l\000e\000s\000a\000i\000a\000n\000\040\000M\000a\000s\000a\000l\000a\000h\000\040\000N\000i\000l\000a\000i\000\040\000E\000i\000g\000e\000n}{section.0.6}% 39
\BOOKMARK [1][-]{section.0.7}{\376\377\000G\000e\000r\000a\000k\000\040\000B\000a\000n\000d\000u\000l\000\040\000d\000e\000n\000g\000a\000n\000\040\000E\000v\000a\000l\000u\000a\000s\000i\000\040\000F\000u\000n\000g\000s\000i}{}% 40
\BOOKMARK [2][-]{subsection.0.7.1}{\376\377\000L\000a\000t\000a\000r\000\040\000B\000e\000l\000a\000k\000a\000n\000g}{section.0.7}% 41
\BOOKMARK [2][-]{subsection.0.7.2}{\376\377\000S\000i\000s\000t\000e\000m\000\040\000B\000a\000n\000d\000u\000l}{section.0.7}% 42
\BOOKMARK [2][-]{subsection.0.7.3}{\376\377\000I\000n\000t\000e\000g\000r\000a\000l\000\040\000E\000l\000i\000p\000t\000i\000k}{section.0.7}% 43
\BOOKMARK [2][-]{subsection.0.7.4}{\376\377\000P\000e\000r\000h\000i\000t\000u\000n\000g\000a\000n\000\040\000I\000n\000t\000e\000g\000r\000a\000l\000\040\000E\000l\000i\000p\000t\000i\000k}{section.0.7}% 44
\BOOKMARK [2][-]{subsection.0.7.5}{\376\377\000E\000v\000a\000l\000u\000a\000s\000i\000\040\000B\000e\000r\000d\000a\000s\000a\000r\000\040\000K\000a\000i\000t\000a\000n\000\040\000R\000e\000k\000u\000r\000e\000n\000s\000i}{section.0.7}% 45
\BOOKMARK [2][-]{subsection.0.7.6}{\376\377\000E\000v\000a\000l\000u\000a\000s\000i\000\040\000F\000u\000n\000g\000s\000i\000\040\000I\000n\000t\000e\000g\000r\000a\000l\000\040\000E\000l\000i\000p\000t\000i\000k\000\040\000u\000n\000t\000u\000k\000\040\000G\000e\000r\000a\000k\000\040\000B\000a\000n\000d\000u\000l}{section.0.7}% 46
\BOOKMARK [2][-]{subsection.0.7.7}{\376\377\000E\000v\000a\000l\000u\000a\000s\000i\000\040\000I\000n\000t\000e\000g\000r\000a\000l\000\040\000E\000l\000i\000p\000t\000i\000k\000\040\000T\000a\000k\000\040\000L\000e\000n\000g\000k\000a\000p\000\040\000J\000e\000n\000i\000s\000\040\000P\000e\000r\000t\000a\000m\000a}{section.0.7}% 47
\BOOKMARK [1][-]{section.0.8}{\376\377\000P\000e\000n\000y\000e\000l\000e\000s\000a\000i\000a\000n\000\040\000P\000e\000r\000s\000a\000m\000a\000a\000n\000\040\000D\000i\000f\000e\000r\000e\000n\000s\000i\000a\000l\000\040\000P\000a\000r\000s\000i\000a\000l\000\040\000P\000a\000r\000a\000b\000o\000l\000i\000k}{}% 48
\BOOKMARK [2][-]{subsection.0.8.1}{\376\377\000I\000m\000p\000l\000e\000m\000e\000n\000t\000a\000s\000i\000\040\000u\000n\000t\000u\000k\000\040\000P\000e\000r\000s\000m\000a\000a\000n\000\040\000D\000i\000f\000u\000s\000i\000\040\000P\000a\000n\000a\000s}{section.0.8}% 49
\BOOKMARK [2][-]{subsection.0.8.2}{\376\377\000P\000e\000n\000y\000e\000l\000e\000s\000a\000i\000a\000n\000\040\000P\000e\000r\000s\000a\000m\000a\000a\000n\000\040\000D\000i\000f\000u\000s\000i\000\040\000d\000e\000n\000g\000a\000n\000\040\000M\000e\000t\000o\000d\000e\000\040\000B\000e\000d\000a\000\040\000H\000i\000n\000g\000g\000a}{section.0.8}% 50
\BOOKMARK [2][-]{subsection.0.8.3}{\376\377\000P\000e\000n\000y\000e\000l\000e\000s\000a\000i\000a\000n\000\040\000d\000e\000n\000g\000a\000n\000\040\000M\000e\000t\000o\000d\000e\000\040\000B\000e\000d\000a\000\040\000H\000i\000n\000g\000g\000a\000\040\000\050\000F\000i\000n\000i\000t\000e\000\040\000D\000i\000f\000f\000e\000r\000e\000n\000c\000e\000\051}{section.0.8}% 51
\BOOKMARK [2][-]{subsection.0.8.4}{\376\377\000S\000o\000u\000r\000c\000e\000\040\000c\000o\000d\000e\000\040\000S\000k\000e\000m\000a\000\040\000E\000k\000s\000p\000l\000i\000s\000i\000t}{section.0.8}% 52
\BOOKMARK [2][-]{subsection.0.8.5}{\376\377\000S\000o\000u\000r\000c\000e\000\040\000c\000o\000d\000e\000\040\000S\000k\000e\000m\000a\000\040\000I\000m\000p\000l\000i\000s\000i\000t}{section.0.8}% 53
\BOOKMARK [2][-]{subsection.0.8.6}{\376\377\000S\000o\000u\000r\000c\000e\000\040\000c\000o\000d\000e\000\040\000S\000k\000e\000m\000a\000\040\000C\000r\000a\000n\000k\000\040\000N\000i\000c\000h\000o\000l\000s\000o\000n}{section.0.8}% 54
\BOOKMARK [2][-]{subsection.0.8.7}{\376\377\000K\000o\000m\000p\000u\000t\000a\000s\000i\000\040\000b\000e\000r\000d\000a\000s\000a\000r\000\040\000E\000k\000p\000o\000n\000e\000n\000s\000i\000a\000l\000\040\000M\000a\000t\000r\000i\000k}{section.0.8}% 55
\BOOKMARK [2][-]{subsection.0.8.8}{\376\377\000K\000o\000m\000p\000u\000t\000a\000s\000i\000\040\000E\000k\000s\000p\000o\000n\000e\000n\000s\000i\000a\000l\000\040\000M\000a\000t\000r\000i\000k}{section.0.8}% 56
